岳王墓碎石路
星宿星宿海
神龙岛花园
平西王府内室
昆明中心广场
成都青石官道
临安府雄武营
曲阜东城门
建康府南城镇淮桥
古墓墓道
平西王府平西王府大门
长江北岸长江渡口
桃源桃源驿路
全真走廊
桃花岛草地
全真午凤楼
苏州立春堂
丐帮暗道
岳阳北门
扬州红娘堂
临安府山路
长江北岸陵矶
曲阜南城门
襄阳荆门
黄河北岸黄河北岸
扬州发呆室
大轮寺雪积古道
大轮寺牧场
扬州青竹林
姑苏慕容内室
北京城墙
福州西门
昆明东城门
江州西门
丐帮屋角边
天龙寺雨花院
建康府南城云来客栈
建康府南城太平门
小山村小巷尽头
建康府北城神策门
杭州提督府正厅
大理城中贵宾室
昆明北大街
杭州提督府提督府正门
扬州红娘庄大门
西湖正厅
襄阳荆州
少林寺般若堂八部
牙山兵营
长江长江岸边
信阳官道
昆明南城门
杭州提督府正厅
牙山牙山湾东路
明教天市堂
姑苏慕容小路
建康府北城神策门
牙山海边基地
镇江金山寺
南昌飞虎镖局
杭州提督府内宅
天龙寺松木屋
扬州青竹林
张家口大境门
大理城中太和居
少林寺般若堂一部
岳阳杂货铺
襄阳乡间土路
日月神教土路
岳阳杂货铺
泰山一天门
福州城中心
江州南门
福州山路
建康府北城神策门
岳阳城中心
临安府凤凰山顶
丐帮雪洞
西湖湖心岛岸边
中原汝州城
曲阜中原马车行
丐帮堤坝下
苏州北大街
镇江藩库
襄阳荆门
