半边天 桃花岛 走廊
缥缈过客 苏州 憨憨泉
石青璇 长江 长江岸边
缥缈过客 镇江 北面山
石青璇 临安府 东北宫墙
缥缈过客 福州 井底
石青璇 苏州 真趣亭
缥缈过客 姑苏慕容 码头
半边天 福州 密道
缥缈过客 临安府 西南宫墙
石青璇 桃花岛 走廊
石青璇 苏州 二仙亭
缥缈过客 江州 甘棠湖
缥缈过客 南昌 南昌东门
缥缈过客 西湖 孤山路
缥缈过客 岳阳 南门
缥缈过客 桃花岛 桃林
石青璇 苏州 千人石
欧神 镇江 县城府衙
缥缈过客 建康府北城 仪凤门
缥缈过客 长江 长江岸边
欧神 镇江 青阳门
缥缈过客 南昌 东大街
石青璇 泉州 城中心
欧神 建康府北城 东广场
缥缈过客 临安府 御街
欧神 临安府 清波门
石青璇 西湖梅庄 客房
缥缈过客 苏州 南大街
欧神 岳阳 西门
缥缈过客 苏州 计氏马车分行
欧神 岳阳 西大街
石青璇 西湖 净慈报恩寺
欧神 姑苏慕容 花园
欧神 岳王墓 小道
欧神 江州 客店内室
欧神 苏州 昌隆镖局
石青璇 牙山 小荒地
欧神 桃源 桃源驿路
石青璇 西湖梅庄 梅庄天井
欧神 临安府 山路
粉墨风 江州 甘棠路
天隐 襄阳 乡间土路
澄醉 长江 长江岸边
粉墨风 建康府北城 西广场
高产奶牛 西湖梅庄 小院
天隐 西湖 苏公堤
石青璇 牙山 牙山米行
粉墨风 嘉兴 海中
天隐 西湖梅庄 厨房
澄醉 西湖梅庄 棋室
粉墨风 西湖梅庄 棋室
澄醉 杭州提督府 提督府大道
]q 镇江 土路
]q 古墓 地下河
石青璇 岳王墓 小道
澄醉 苏州 听雨轩
摩天轮 桃花岛 桃林
]q 峨嵋 西廊
石青璇 牙山 兵营
澄醉 苏州 荷花厅
]q 岳阳 西门
石青璇 杭州提督府 小径
摩天轮 建康府北城 杂货铺
澄醉 长江 长江渡口
]q 建康府南城 土路
石青璇 西湖 走廊
天隐 西湖 厢房
]q 苏州 宝和记
石青璇 南昌 山路
澄醉 西湖梅庄 回廊
天隐 杭州提督府 卧房
天隐 杭州提督府 士兵卫房
蒙面人 桃花岛 荷塘
石青璇 江州 甘棠路
天隐 杭州提督府 小径
]q 杭州提督府 走廊
澄醉 牙山 牙山湾南路
]q 临安府 文思院
石青璇 归云庄 黑风山脚
摩天轮 西湖 小院
天隐 岳王墓 小道
]q 西湖 杭州分舵大门
天隐 西湖 孤山路
石青璇 建康府北城 灵英观
高产奶牛 西湖梅庄 孤山梅庄
]q 临安府 御街
天隐 建康府南城 青石官道
石青璇 嘉兴 海中
]q 苏州 寒山寺
天隐 西湖 跨虹桥
澄醉 牙山 计氏马车分行
]q 岳王墓 墓前广场
天隐 镇江 南水门
石青璇 建康府南城 江南小道
]q 桃源 桃源驿路
]q 桃源 黑沼小屋
摩天轮 西湖 保m塔
天隐 桃源 桃源驿站
石青璇 长江 长江渡口
天隐 南昌 书院正门
]q 南昌 休息室
天隐 岳阳 岳阳楼
石青璇 苏州 昌隆镖局
半边天 岳阳 北大街
]q 福州 密室房梁
天隐 长江 长江岸边
]q 江州 甘棠路
天隐 福州 小路
]q 建康府北城 城北官道
天隐 岳阳 杂货铺
澄醉 岳阳 北大街
摩天轮 杭州提督府 小径
]q 天龙寺 小路
天隐 嘉兴 天井
澄醉 镇江 土路
半边天 西湖 平湖秋月
天隐 福州 茶馆
]q 牙山 牙山湾西口
澄醉 岳阳 洞庭湖
天隐 长江 长江岸边
]q 归云庄 黑风山脚
石青璇 江州 浔阳楼二层
天隐 泉州 计氏马车分行
]q 泉州 武夷山路
摩天轮 岳阳 计氏马车分行
石青璇 临安府 丽正门
天隐 长江 长江岸边
]q 福州 福州港
]q 岳王墓 墓前小道
]q 归云庄 石阶
]q 归云庄 走廊
天隐 桃花岛 大厅
]q 建康府北城 城北官道
天隐 镇江 月记票号
]q 镇江 土路
天隐 杭州提督府 士兵卫房
澄醉 临安府 山路
天隐 镇江 土路
]q 长江 长江岸边
蒙面人 杭州提督府 提督府后门
澄醉 镇江 义兴县城
天隐 嘉兴 后院
时 西湖梅庄 书室
]q 建康府北城 广场东南
石青璇 镇江 土路
天隐 姑苏慕容 码头
蒙面人 牙山 牙山湾东路
渡知 江州 浔阳楼二层
]q 岳王墓 墓前小道
天隐 苏州 荷花厅
伊卡尔迪 姑苏慕容 大道
蒙面人 牙山 西驿道
]q 南昌 山路
渡知 杭州提督府 提督府大道
蒙面人 姑苏慕容 厢房
]q 建康府北城 纵星桥
时 归云庄 石阶
伊卡尔迪 临安府 江南金店
]q 长江 长江岸边
渡知 桃源 桃源县境
蒙面人 岳阳 山路
时 牙山 计氏马车分行
石青璇 苏州 沧浪亭
]q 嘉兴 后院
时 南昌 城中心
]q 嘉兴 太湖码头
伊卡尔迪 江州 鄱阳湖边
时 苏州 虎丘山
]q 福州 井中
伊卡尔迪 西湖梅庄 棋室
]q 建康府北城 仪凤门
]q 桃源 黑沼
时 杭州提督府 内宅
]q 江州 内院
]q 镇江 西门
摩天轮 泉州 南门
]q 镇江 南水门
摩天轮 镇江 北大街
]q 福州 南大街
]q 桃源 黑沼
摩天轮 杭州提督府 小径
]q 建康府南城 三山街
]q 岳王墓 小道
摩天轮 镇江 东大街
]q 岳王墓 枪铺
大宝子 西湖梅庄 书室
]q 苏州 北门
]q 镇江 登云门
]q 桃源 桃源驿站
摩天轮 江州 甘棠路
]q 苏州 荷花厅
曲非烟 姑苏慕容 厢房
摩天轮 长江 长江岸边
摩天轮 桃源 桃源县境
守寺僧兵 临安府 御街
摩天轮 镇江 金山
石青璇 临安府 御街
时 桃源 黑沼
蒙面人 归云庄 蛇窟
曲非烟 建康府北城 下街口
石青璇 福州 海边
守寺僧兵 杭州提督府 卧房
曲非烟 姑苏慕容 小路
时 牙山 兵营
蒙面人 姑苏慕容 大道
亿光年 西湖 厢房
曲非烟 建康府北城 北广场
时 镇江 西大街
石青璇 归云庄 密林
蒙面人 岳王墓 墓前小道
时 杭州提督府 卧房
石青璇 西湖 厢房
曲非烟 建康府北城 北门桥
守寺僧兵 归云庄 密林
蒙面人 西湖 走廊
摩天轮 岳王墓 风波亭
澄醉 杭州提督府 提督府大道
曲非烟 岳阳 青石官道
石青璇 岳王墓 小道
蒙面人 镇江 北大街
时 临安府 点心铺
曲非烟 桃源 桃源驿路
蒙面人 福州 南大街
时 牙山 兵营
守寺僧兵 镇江 土路
石青璇 西湖梅庄 回廊
]q 嘉兴 铁枪庙
缥缈过客 泉州 巨鲸帮总舵
澄醉 牙山 牙山湾西路
摩天轮 镇江 客店内室
]q 岳王墓 亭前小道
缥缈过客 长江 长江渡口
半痴呆 南昌 飞虎镖局
]q 南昌 南大街
时 福州 中心广场
]q 嘉兴 嘉兴城
缥缈过客 南昌 对月居
]q 牙山 西驿道
缥缈过客 临安府 北大街
半痴呆 泉州 泉州当铺
]q 桃花岛 试剑峰
缥缈过客 桃花岛 书房
蒙面人 归云庄 密林
时 岳王墓 墓前广场
]q 姑苏慕容 听雨居
缥缈过客 桃源 黑沼
蒙面人 苏州 头门山
时 西湖 孤山路
]q 苏州 北门
半痴呆 牙山 兵营
摩天轮 泉州 南门
时 西湖 净慈报恩寺
]q 福州 无相庵
缥缈过客 牙山 驿道
时 杭州提督府 小径
缥缈过客 西湖 门卫房
]q 江州 甘棠路
蒙面人 杭州提督府 提督府大道
半痴呆 岳阳 将军府
时 桃源 桃源驿路
缥缈过客 杭州提督府 客房
蒙面人 泉州 曾宅
]q 岳阳 将军府
半痴呆 福州 茶馆
蒙面人 桃源 黑沼
半痴呆 桃源 桃源县境
时 西湖 书房
蒙面人 岳王墓 碎石路
半痴呆 岳阳 城中心
时 岳阳 南门
曲非烟 西湖梅庄 书室
蒙面人 杭州提督府 小径
]q 泉州 曾宅
曲非烟 岳王墓 墓后空地
时 西湖梅庄 酒室
蒙面人 杭州提督府 士兵卫房
]q 岳阳 岳阳楼二层
曲非烟 归云庄 太湖街
蒙面人 长江 长江渡口
时 桃花岛 赏月台
]q 镇江 月记票号
无心 江州 鄱阳湖边
曲非烟 泉州 南门
]q 泉州 泉州北门
半痴呆 归云庄 迷魂阵
蒙面人 岳王墓 墓前小道
麻将 桃花岛 桃林
无心 西湖梅庄 孤山梅庄
半痴呆 姑苏慕容 兵器房
]q 扬州 赌场
时 苏州 昌隆镖局
蒙面人 桃源 黑沼
曲非烟 临安府 都亭驿
]q 兰州 二楼过道
半痴呆 福州 南大街
无心 桃花岛 草地
时 镇江 北大街
渡知 建康府北城 青石路
半痴呆 江州 盈月客栈
]q 建康府北城 金川门
渡知 南昌 青石官道
渡知 苏州 铁岭关
无心 归云庄 迷魂阵
时 姑苏慕容 庭院
半痴呆 嘉兴 坟墓
蒙面人 姑苏慕容 小路
渡知 建康府南城 土路
曲非烟 长江 长江岸边
渡知 建康府南城 长街
无心 嘉兴 海中
蒙面人 长江 西津渡口
蒙面人 桃花岛 试剑峰
]q 临安府 深巷
曲非烟 牙山 牙山湾西口
半痴呆 牙山 兵营
]q 归云庄 归云馆
曲非烟 南昌 书院正门
]q 临安府 湖畔
曲非烟 长江 长江岸边
独孤 杭州提督府 走廊
]q 牙山 牙山湾东路
无心 牙山 驿道
半痴呆 临安府 御街
独孤 牙山 旧屋
]q 嘉兴 太湖边
无心 姑苏慕容 休息室
半痴呆 嘉兴 荒谷
独孤 杭州提督府 提督府后门
]q 镇江 北大街
金钦 建康府南城 承恩寺
独孤 杭州提督府 正厅
]q 岳阳 城中心
曲非烟 镇江 奔月居
半痴呆 福州 西门
独孤 岳王墓 风波亭
]q 江州 浔阳楼二层
半痴呆 临安府 怡红馆
曲非烟 苏州 马厩
独孤 岳阳 岳阳府衙
金钦 建康府北城 杂货铺
半痴呆 岳阳 山路
无心 杭州提督府 小径
金钦 西湖 平湖秋月
独孤 岳阳 山路
无心 桃源 黑沼
半痴呆 苏州 立春堂
摩天轮 西湖梅庄 酒室
金钦 桃花岛 饭厅
独孤 桃花岛 竹林
独孤 杭州提督府 客房
金钦 江州 计氏马车分行
]q 岳阳 杂货铺
独孤 西湖 西泠桥
无心 桃源 黑沼
金钦 姑苏慕容 厨房
独孤 牙山 牙山湾北路
独孤 岳阳 西大街
曲非烟 小山村 铁匠铺
独孤 嘉兴 河岸
无心 桃源 黑沼
金钦 南昌 古井
独孤 西湖 平湖秋月
曲非烟 福州 井中
无心 西湖梅庄 酒室
金钦 嘉兴 太湖边
曲非烟 泉州 曾井铺
独孤 桃源 桃源驿路
摩天轮 苏州 揖峰指柏轩
金钦 湟中 沙石地
时 苏州 北大街
神万姬 姑苏慕容 小路
无心 岳阳 岳阳楼二层
摩天轮 凌霄城 计氏马车分行
独孤 嘉兴 无名谷底
曲非烟 临安府 御街
时 泉州 泉州北门
独孤 长江 采石矶
摩天轮 杭州提督府 走廊
无心 建康府北城 山路
渡知 嘉兴 杂草森林
摩天轮 杭州提督府 小道
摩天轮 长江 长江岸边
神万姬 岳阳 将军府
无心 西湖梅庄 梅庄天井
时 桃花岛 试剑峰
摩天轮 江州 西门
摩天轮 姑苏慕容 红霞阁
时 江州 东门
本非 西湖 西湖岸边
独孤 岳王墓 碎石路
神万姬 建康府北城 杂货铺
摩天轮 南昌 北大街
时 归云庄 树林
独孤 建康府南城 江南小道
摩天轮 建康府北城 军营
时 西湖 门卫房
无心 南昌 城西山路
无心 西湖梅庄 回廊
时 杭州提督府 小径
独孤 姑苏慕容 小路
本非 江州 温峤府
独孤 西湖 杭州分舵大门
摩天轮 福州 山路
神万姬 岳阳 城中心
独孤 泉州 城中心
曲非烟 长江 长江岸边
独孤 岳王墓 小道
曲非烟 杭州提督府 士兵卫房
独孤 岳阳 青石官道
独孤 岳阳 岳阳楼二层
独孤 建康府北城 南广场
独孤 西湖 断桥残雪
独孤 桃花岛 积翠亭
渡炫 泉州 泉州当铺
独孤 福州 北大街
独孤 建康府南城 青石官道
小艇 苏州 紫金庵
独孤 西湖 走廊
小艇 西湖梅庄 回廊
小艇 临安府 北大街
小艇 长江 长江岸边
林长乐 岳阳 泥泞土路
小艇 江州 青石官道
林长乐 归云庄 迷魂阵入口
小艇 桃源 黑沼
福哥 江州 内院
林长乐 桃花岛 竹林
小艇 临安府 山路
本大 姑苏慕容 小路
林长乐 福州 海边
小艇 长江 长江岸边
福哥 嘉兴 荒谷
本大 岳王墓 墓前广场
林长乐 西湖 走廊
小艇 西湖 苏公堤
本大 建康府北城 北城
林长乐 桃源 桃源驿路
本大 信阳 西市
小艇 福州 北门
林长乐 嘉兴 嘉兴城
本大 建康府南城 小巷
小艇 泉州 泉州当铺
]q 福州 茶馆
本大 建康府南城 云来客栈
小艇 泉州 城中心
本大 嘉兴 嘉兴城
]q 岳阳 东门
小艇 建康府北城 山路
林长乐 建康府北城 仪凤门
]q 临安府 东大街
本大 归云庄 走廊
小艇 南昌 偃月楼
]q 苏州 戏园子
林长乐 牙山 牙山湾南路
本大 江州 青石官道
小艇 嘉兴 天井
]q 桃源 桃源驿路
本大 临安府 东北宫墙
]q 南昌 山路
小艇 临安府 韩王府大门
本大 江州 中央广场
小艇 西湖梅庄 厨房
]q 建康府北城 灵英观
小艇 长江 长江岸边
本大 姑苏慕容 琅I福地
小艇 建康府北城 青石路
小艇 建康府北城 月记票号
本大 泉州 西街
小艇 南昌 城西山路
本大 建康府北城 仪凤门
小艇 泉州 曾井铺
小艇 临安府 中和楼
伊卡尔迪 建康府北城 鼓楼
本大 南昌 山路
小艇 杭州提督府 士兵卫房
小艇 归云庄 假山洞
本大 岳阳 西门
小艇 苏州 青石官道
本大 姑苏慕容 庭院
小艇 福州 南大街
本大 姑苏慕容 农舍
桃花 建康府南城 城南官道
小艇 镇江 金山
护寺僧人 建康府北城 里仁街
桃花 建康府北城 军仓
本大 嘉兴 大厅
林长乐 天龙寺 计氏马车分行
桃花 镇江 土路
护寺僧人 泉州 曾井铺
小艇 姑苏慕容 茶花林
本大 镇江 飞龙镖局
桃花 镇江 奔月居
林长乐 南昌 对月居
小艇 建康府北城 杂货铺
桃花 归云庄 迷魂阵
护寺僧人 江州 浔阳路
桃花 西湖 竹林
小艇 牙山 西驿道
护寺僧人 建康府北城 玄武湖畔
桃花 江州 青石官道
桃花 牙山 计氏马车分行
小艇 长江 西津渡口
护寺僧人 泉州 西街
桃花 桃源 桃源县境
护寺僧人 姑苏慕容 农舍
桃花 古墓 小石洞
桃花 建康府南城 城南官道
护寺僧人 桃花岛 海滩
金钦 苏州 客店二楼
曲非烟 镇江 东大街
]q 牙山 驿道
护寺僧人 杭州提督府 提督府大道
金钦 扬州 知府大堂
桃花 岳王墓 墓前广场
护寺僧人 姑苏慕容 太湖码头
]q 南昌 计氏马车总行
伊卡尔迪 建康府南城 建康府
金钦 少林寺 广场
桃花 桃花岛 桃林
曲非烟 归云庄 归云馆
桃花 桃花岛 桃林
护寺僧人 临安府 都亭驿
]q 建康府北城 当铺
桃花 福州 大树下
]q 临安府 江南钱庄
护寺僧人 杭州提督府 卧房
]q 建康府北城 军营
护寺僧人 桃源 黑沼
曲非烟 桃花岛 草地
]q 临安府 打铁铺
护寺僧人 岳王墓 墓边小道
]q 归云庄 迷魂阵
金钦 江州 甘棠路
]q 西湖 竹林
护寺僧人 福州 小路
金钦 西湖梅庄 回廊
]q 南昌 西大街
渡知 西湖梅庄 酒室
护寺僧人 岳阳 山路
桃花 姑苏慕容 大道
曲非烟 牙山 驿道
金钦 建康府北城 清凉山
]q 姑苏慕容 码头
小柠檬 桃源 桃源驿路
金钦 建康府南城 金陵镖局
曲非烟 岳阳 青石官道
桃花 牙山 驿道
渡知 杭州提督府 提督府大道
]q 岳阳 青石官道
护寺僧人 临安府 仙林寺
人造人十六号 桃花岛 草地
曲非烟 归云庄 树林
桃花 建康府南城 小巷
人造人十六号 杭州提督府 小径
]q 桃源 桃源驿路
护寺僧人 江州 青石官道
金钦 南昌 城东山路
人造人十六号 西湖 竹林
伊卡尔迪 姑苏慕容 庭院
]q 姑苏慕容 大道
渡行 岳阳 山路
金钦 西湖 保m塔
独孤 杭州提督府 卧房
人造人十六号 建康府北城 计氏马车分行
金钦 临安府 清波门
]q 苏州 池塘
人造人十六号 西湖 白堤
独孤 长江 长江渡口
伊卡尔迪 岳阳 北大街
护寺僧人 归云庄 假山
半痴呆 西湖 竹林
曲非烟 临安府 西大街
独孤 建康府北城 城西大街
伊卡尔迪 建康府北城 定淮门
护寺僧人 镇江 当铺
独孤 岳王墓 碎石路
曲非烟 桃源 桃源县境
半痴呆 临安府 御街
伊卡尔迪 嘉兴 挂剑祠
人造人十六号 临安府 西北宫墙
曲非烟 岳阳 山路
独孤 南昌 南昌西门
护寺僧人 桃花岛 荷塘
人造人十六号 苏州 杂货铺
小柠檬 镇江 将军府
独孤 长江 长江渡口
人造人十六号 建康府北城 神策门
曲非烟 福州 海边
独孤 南昌 北大街
护寺僧人 建康府北城 存义街
曲非烟 江州 八角亭
独孤 苏州 南大街
曲非烟 建康府南城 城南官道
护寺僧人 建康府北城 城北官道
人造人十六号 牙山 小荒地
人造人十六号 临安府 北大街
独孤 建康府南城 小巷
曲非烟 岳王墓 墓边小道
伊卡尔迪 镇江 南门
曲非烟 泉州 武夷山路
伊卡尔迪 江州 青石官道
独孤 福州 计氏马车分行
半痴呆 长江 长江岸边
独孤 南昌 城东山路
半痴呆 西湖梅庄 回廊
明教使者 苏州 戏园子
人造人十六号 福州 山路
曲非烟 江州 青石官道
独孤 泉州 武夷山路
曲非烟 江州 浔阳路
独孤 苏州 茶馆
独孤 建康府北城 金川门
曲非烟 嘉兴 天井
半痴呆 西湖梅庄 客房
独孤 归云庄 树林
蒙面人 福州 井底
蓝绿丝 镇江 西大街
曲非烟 姑苏慕容 花园
独孤 福州 井中
半痴呆 岳阳 南门
半痴呆 牙山 牙山湾南路
独孤 江州 中央广场
曲非烟 建康府北城 乌龙潭
半痴呆 岳阳 当铺
独孤 桃花岛 桃林
曲非烟 桃源 黑沼
独孤 临安府 临安府
曲非烟 桃花岛 海滩
独孤 泉州 武夷山路
半痴呆 岳阳 岳阳楼
人造人十六号 姑苏慕容 小路
曲非烟 西湖 苏公堤
独孤 苏州 戏园子
人造人十六号 建康府南城 建康府
曲非烟 苏州 头门山
独孤 南昌 东大街
人造人十六号 江州 鄱阳湖边
人造人十六号 建康府南城 圣府
独孤 岳阳 湖心小岛
人造人十六号 建康府北城 月记票号
独孤 姑苏慕容 钓鱼台
人造人十六号 苏州 北大街
人造人十六号 岳王墓 枪铺
缥缈过客 泉州 泉州当铺
人造人十六号 西湖梅庄 回廊
人造人十六号 镇江 义兴县城
人造人十六号 西湖 断桥残雪
人造人十六号 姑苏慕容 内室
人造人十六号 泉州 西街
曲非烟 姑苏慕容 库房
蓝绿丝 镇江 金山寺
]q 镇江 北大街
]q 镇江 北大街
曲非烟 苏州 留园
缥缈过客 桃花岛 桃林
]q 江州 浔阳路
曲非烟 苏州 聚宝斋
]q 桃花岛 试剑峰
缥缈过客 归云庄 归云馆
]q 牙山 牙山湾西路
曲非烟 泉州 西街
缥缈过客 西湖 跨虹桥
]q 江州 东门
曲非烟 南昌 偃月楼
]q 苏州 寒拾殿
]q 桃源 观瀑台
曲非烟 牙山 海滩
缥缈过客 福州 老宅后院
]q 江州 内院
曲非烟 福州 向阳巷
]q 归云庄 密林
曲非烟 福州 向阳巷
缥缈过客 建康府南城 江南小道
]q 江州 温峤府
曲非烟 南昌 山路
]q 西湖 前厅
曲非烟 桃源 瀑布
缥缈过客 姑苏慕容 休息室
]q 杭州提督府 内宅
曲非烟 南昌 东大街
]q 建康府南城 青石官道
曲非烟 归云庄 太湖桥
]q 苏州 苏州府衙
缥缈过客 杭州提督府 卧房
亿光年 福州 南大街
本非 岳王墓 忘忧亭
独孤 姑苏慕容 小路
时 黄河南岸 黄河南岸
独孤 岳阳 西门
时 镇江 东大街
独孤 姑苏慕容 小路
独孤 嘉兴 大厅
时 江州 锁江楼
独孤 泉州 南门
时 姑苏慕容 小道
时 归云庄 仆人住地
独孤 长江 长江岸边
时 苏州 书院
独孤 岳阳 城中心
时 建康府北城 窝棚
独孤 长江 长江渡口
时 岳王墓 风波亭
时 泉州 山路
独孤 姑苏慕容 小道
时 泉州 泉州港
粉墨风 江州 计氏马车分行
独孤 福州 北门
时 岳王墓 墓前小道
独孤 南昌 青石官道
粉墨风 岳王墓 小道
时 归云庄 炼丹房
独孤 江州 盈月客栈
粉墨风 岳阳 山路
独孤 镇江 大湖
时 桃源 桃源县境
独孤 岳王墓 亭前小道
时 西湖梅庄 客房
粉墨风 岳王墓 碎石路
时 建康府北城 城西大街
独孤 桃花岛 竹林
粉墨风 苏州 致爽阁
独孤 泉州 西街
粉墨风 归云庄 柴房
粉墨风 南昌 青石官道
粉墨风 泉州 山路
本龙 镇江 计氏马车分行
高产奶牛 归云庄 树林
]q 江州 浔阳路
峻铭 桃源 黑沼
]q 西湖梅庄 孤山梅庄
金钦 西湖 西湖岸边
]q 桃花岛 草地
峻铭 岳阳 南门
高产奶牛 归云庄 蛇窟
]q 杭州提督府 提督府大道
金钦 西湖梅庄 客房
本龙 建康府北城 西广场
峻铭 临安府 山路
金钦 南昌 城西山路
金钦 泉州 泉州港
]q 临安府 炮仗店内室
金钦 西湖 小院
]q 西湖梅庄 回廊
护寺僧人 西湖 白堤
金钦 临安府 凤凰山顶
]q 丝绸之路 大沙漠
金钦 嘉兴 嘉兴南湖
峻铭 南昌 客店内室
护寺僧人 西湖梅庄 棋室
慕容无暇 长江 长江岸边
本龙 桃花岛 积翠亭
护寺僧人 长江 长江岸边
金钦 牙山 牙山湾西路
