桃源观瀑台
黄河南岸黄河南岸
牙山西驿道
临安府西大街
天龙寺钟楼二层
长江北岸长江岸边
临安府花厅
中原青石大道
桃花岛饭厅
日月神教竹林
白驼山蛇谷荒地
全真走廊
苏州北门
大理城中甬路
大理城中走廊
全真天尊讲经堂
桃花岛草地
扬州红娘庄走廊
襄阳乡间土路
长江北岸长江岸边
福州密室
武当山青石大道
福州南大街
桃花岛休息室
建康府北城中城
南昌青石官道
泰山回马岭
长江北岸长江岸边
镇江土路
张家口官道
曲阜青石大道
西湖白堤
华山华山脚下
岳阳岳阳楼二层
大理城中睡房
苏州擂台前广场
归云庄归云馆
丐帮树洞下
襄阳客店
长江北岸长江岸边
明教天市堂
长江北岸长江岸边
少林寺和尚院四部
长江长江渡口
泰山莲花峰
桃源黑沼
西湖西泠桥
星宿湖泊
泰山茅屋
扬州红娘堂
桃源黑沼
杀手帮果林
曲阜东门大街
桃花岛草地
紫禁城钦安殿
襄阳半山坡
泰山兵器库
凌霄城寿板铺
嘉兴嘉兴城
丐帮暗道
杀手帮浴室
临安府凤凰山顶
建康府南城江南小道
建康府北城当铺
星宿小路
杀手帮浴室
康亲王府大厅
建康府南城城南官道
洛阳洛阳北门
全真九真楼
灵鹫密道
日月神教村中小路
明教小镇
全真散花台
牙山杂货铺
张家口官道
镇江金山
少林寺鼓楼一层
灵鹫石室
建康府北城城北官道
建康府北城存义街
平西王府王府大道
杭州提督府客房
桃源黑沼小屋
日月神教村中小路
武当山太子岩
全真经楼
泰山大驿道
湟中点将台
灵鹫休息室
日月神教村中小路
全真焚香楼
日月神教土路
曲阜西大街
长江长江岸边
大理城中玉虚观前
白驼山蛇谷树林
建康府北城月记票号
丐帮树洞下
华山华山休息室
长江长江渡口
黄河北岸黄河北岸
泉州南门
临安府文思院
临安府东大街
临安府山路
曲阜鼓楼大街
丐帮暗道
扬州知府大堂
星宿星宿海
武当山武器室
镇江东大街
天龙寺松木屋
全真斋堂
泉州山路
泰山大驿道
黄河北岸黄河古渡
信阳金刚台
大理城中土司府
黄河南岸黄河南岸
岳阳东门
白驼山门廊
全真石阶
福州福州港
苏州致爽阁
归云庄桃花林
小山村碎石路
临安府御街
福州山路
临安府大厅
华山小路
华山千尺幢
北京土路
