狂歌当哭 朝阳门
狂歌当哭 朝阳门
狂歌当哭 小巷
狂歌当哭 小巷
狂歌当哭 南大街
狂歌当哭 青石官道
狂歌当哭 承恩寺
狂歌当哭 土路
曲非烟 土路
狂歌当哭 三山门
渡麻 南大街
狂歌当哭 城南官道
曲非烟 钟山
休莱格 内桥
半痴呆 贡院
狂歌当哭 城南官道
半痴呆 朝阳门
曲非烟 正阳门
休莱格 金陵镖局
狂歌当哭 南大街
曲非烟 江南小道
渡麻 青石官道
云风长 聚宝门
石青璇 江南小道
狂歌当哭 小巷
曲非烟 贡院
狂歌当哭 江南小道
渡麻 土路
曲非烟 南大街
休莱格 淮清桥
狂歌当哭 土路
渡麻 大中街
曲非烟 太平门
渡麻 长街
狂歌当哭 小巷
曲非烟 小巷
渡麻 云来客栈
曲非烟 三山街
狂歌当哭 内桥
渡麻 土路
曲非烟 江南小道
曲非烟 土路
半边天 江南小道
曲非烟 南浔镇
渡麻 太平门
曲非烟 土路
狂歌当哭 南大街
渡麻 三山街
曲非烟 圣府
狂歌当哭 土路
渡麻 土路
曲非烟 江南小道
狂歌当哭 南大街
渡麻 云来客栈
曲非烟 土路
狂歌当哭 大中街
曲非烟 小巷
渡麻 通济门
曲非烟 药铺
狂歌当哭 亲军营
渡麻 镇淮桥
曲非烟 圣府
狂歌当哭 药铺
曲非烟 江南小道
渡麻 城南官道
渡麻 青石官道
曲非烟 江南小道
渡麻 药铺
曲非烟 药铺
曲非烟 南大街
渡麻 小巷
天隐 南大街
天隐 青石官道
天隐 镇淮桥
天隐 南大街
天隐 土路
天隐 土路
天隐 长街
天隐 药铺
天隐 三山街
独孤 金陵镖局
天隐 土路
守寺僧兵 金陵镖局
天隐 江南小道
独孤 城南官道
天隐 药铺
独孤 土路
休莱格 正阳门
天隐 土路
休莱格 江南小道
天隐 内桥
休莱格 镇淮桥
天隐 城南官道
独孤 长街
休莱格 三山门
天隐 聚宝门
半边天 太平门
独孤 青石官道
休莱格 金陵镖局
天隐 聚宝门
天隐 正阳门
半边天 贡院
休莱格 聚宝门
独孤 土路
天隐 三山街
半边天 钟山
天隐 钟山
独孤 正阳门
休莱格 承恩寺
天隐 朝阳门
半边天 圣府
天隐 江南小道
休莱格 江南小道
独孤 聚宝门
半边天 朝阳门
休莱格 圣府
天隐 江南小道
独孤 承恩寺
休莱格 建康府
半边天 钟山
天隐 建康府
休莱格 土路
独孤 南大街
天隐 聚宝门
半边天 三山门
天隐 土路
休莱格 土路
天隐 南大街
休莱格 圣府
半边天 承恩寺
天隐 建康府
休莱格 城南官道
曲非烟 内桥
天隐 小巷
渡麻 土路
休莱格 土路
半边天 朝阳门
天隐 南大街
渡麻 长街
守寺僧兵 江南小道
休莱格 南大街
曲非烟 聚宝门
天隐 内桥
半边天 正阳门
休莱格 镇淮桥
曲非烟 土路
天隐 金陵镖局
休莱格 土路
半边天 城南官道
天隐 南浔镇
休莱格 小巷
半边天 江南小道
天隐 城南官道
休莱格 江南小道
渡麻 长街
天隐 内桥
守寺僧兵 通济门
曲非烟 正阳门
天隐 南大街
休莱格 朝阳门
渡麻 承恩寺
曲非烟 江南小道
天隐 通济门
休莱格 药铺
半边天 大中街
守寺僧兵 内桥
休莱格 江南小道
天隐 建康府
曲非烟 金陵镖局
渡麻 南大街
天隐 朝阳门
休莱格 大中街
半边天 土路
守寺僧兵 通济门
曲非烟 土路
天隐 建康府
渡麻 建康府
休莱格 正阳门
曲非烟 药铺
天隐 聚宝门
渡麻 建康府
曲非烟 钟山
天隐 三山街
休莱格 建康府
曲非烟 小巷
天隐 三山街
守寺僧兵 亲军营
休莱格 土路
曲非烟 圣府
休莱格 大中街
曲非烟 土路
休莱格 三山门
曲非烟 江南小道
休莱格 江南小道
曲非烟 南大街
休莱格 通济门
曲非烟 南大街
休莱格 土路
曲非烟 土路
曲非烟 亲军营
休莱格 淮清桥
曲非烟 南大街
曲非烟 亲军营
休莱格 长街
曲非烟 长街
休莱格 江南小道
休莱格 建康府
休莱格 土路
休莱格 城南官道
休莱格 圣府
休莱格 长街
休莱格 三山门
守寺僧兵 土路
渡知 土路
守寺僧兵 土路
休莱格 江南小道
休莱格 土路
守寺僧兵 长街
休莱格 土路
渡知 承恩寺
休莱格 土路
守寺僧兵 城南官道
渡知 钟山
守寺僧兵 土路
守寺僧兵 城南官道
守寺僧兵 土路
半边天 青石官道
守寺僧兵 土路
半边天 云来客栈
守寺僧兵 云来客栈
半边天 圣府
休莱格 长街
守寺僧兵 承恩寺
休莱格 土路
曲非烟 三山街
半边天 贡院
守寺僧兵 建康府
曲非烟 聚宝门
休莱格 城南官道
曲非烟 土路
守寺僧兵 青石官道
半边天 江南小道
休莱格 建康府
曲非烟 城南官道
半边天 圣府
休莱格 土路
守寺僧兵 青石官道
曲非烟 通济门
休莱格 金陵镖局
曲非烟 正阳门
半边天 江南小道
守寺僧兵 南大街
休莱格 江南小道
半边天 贡院
守寺僧兵 江南小道
休莱格 城南官道
半边天 药铺
守寺僧兵 太平门
曲非烟 药铺
渡麻 南大街
休莱格 江南小道
休莱格 城南官道
半边天 南大街
渡麻 江南小道
渡麻 金陵镖局
半边天 土路
守寺僧兵 亲军营
曲非烟 镇淮桥
渡麻 药铺
休莱格 聚宝门
曲非烟 朝阳门
渡麻 土路
休莱格 南浔镇
守寺僧兵 南大街
逍遥子 小巷
曲非烟 大中街
逍遥子 圣府
休莱格 亲军营
逍遥子 土路
半边天 正阳门
曲非烟 土路
逍遥子 土路
休莱格 金陵镖局
逍遥子 云来客栈
休莱格 三山门
狂歌当哭 亲军营
半边天 城南官道
休莱格 城南官道
狂歌当哭 小巷
半边天 土路
休莱格 土路
曲非烟 土路
狂歌当哭 江南小道
天隐 大中街
半边天 土路
休莱格 通济门
天隐 太平门
狂歌当哭 内桥
休莱格 内桥
渡行 镇淮桥
天隐 城南官道
半边天 江南小道
狂歌当哭 江南小道
天隐 大中街
休莱格 江南小道
半边天 建康府
曲非烟 青石官道
天隐 南大街
渡麻 江南小道
曲非烟 小巷
半边天 江南小道
天隐 小巷
狂歌当哭 土路
休莱格 土路
曲非烟 大中街
半边天 土路
天隐 贡院
狂歌当哭 青石官道
天隐 镇淮桥
休莱格 内桥
狂歌当哭 建康府
渡麻 三山街
渡麻 长街
曲非烟 贡院
休莱格 江南小道
渡麻 土路
休莱格 城南官道
渡麻 江南小道
狂歌当哭 正阳门
曲非烟 亲军营
半边天 正阳门
天隐 城南官道
曲非烟 土路
狂歌当哭 通济门
半边天 城南官道
天隐 小巷
天隐 贡院
曲非烟 土路
天隐 土路
狂歌当哭 小巷
曲非烟 土路
半边天 朝阳门
休莱格 云来客栈
天隐 正阳门
渡麻 药铺
天隐 土路
半边天 淮清桥
休莱格 南浔镇
狂歌当哭 小巷
天隐 太平门
曲非烟 三山街
半边天 土路
狂歌当哭 内桥
休莱格 土路
天隐 承恩寺
半边天 土路
休莱格 城南官道
天隐 圣府
半边天 江南小道
渡麻 青石官道
半边天 镇淮桥
天隐 城南官道
休莱格 亲军营
渡麻 药铺
天隐 江南小道
半边天 长街
天隐 土路
半边天 药铺
休莱格 土路
天隐 江南小道
天隐 金陵镖局
休莱格 聚宝门
半边天 土路
天隐 贡院
休莱格 土路
天隐 圣府
狂歌当哭 太平门
天隐 长街
休莱格 贡院
狂歌当哭 江南小道
半边天 江南小道
天隐 南大街
半边天 三山门
休莱格 云来客栈
天隐 圣府
天隐 长街
休莱格 亲军营
半边天 城南官道
天隐 三山街
休莱格 贡院
半边天 江南小道
天隐 聚宝门
休莱格 长街
天隐 青石官道
休莱格 土路
天隐 城南官道
半边天 江南小道
天隐 土路
半边天 土路
天隐 药铺
休莱格 江南小道
天隐 三山门
休莱格 淮清桥
半边天 南大街
天隐 三山街
休莱格 三山街
天隐 三山门
休莱格 土路
天隐 淮清桥
半边天 青石官道
天隐 城南官道
休莱格 通济门
天隐 药铺
半边天 大中街
休莱格 小巷
天隐 江南小道
天隐 城南官道
休莱格 长街
天隐 圣府
天隐 钟山
休莱格 青石官道
天隐 土路
休莱格 通济门
天隐 江南小道
天隐 三山门
休莱格 南大街
天隐 金陵镖局
醉降龙 土路
休莱格 江南小道
醉降龙 小巷
休莱格 小巷
醉降龙 亲军营
醉降龙 长街
渡麻 太平门
曲非烟 建康府
渡麻 承恩寺
醉降龙 土路
曲非烟 城南官道
渡麻 城南官道
曲非烟 小巷
醉降龙 小巷
醉降龙 小巷
醉降龙 城南官道
守寺僧兵 土路
守寺僧兵 建康府
守寺僧兵 金陵镖局
商韵 南大街
半边天 南大街
了了 朝阳门
守寺僧兵 建康府
半边天 建康府
了了 长街
半边天 土路
半边天 正阳门
了了 建康府
大宝剑 三山街
半边天 大中街
了了 青石官道
休莱格 正阳门
半边天 钟山
大宝剑 南大街
守寺僧兵 长街
了了 药铺
半边天 江南小道
大宝剑 太平门
休莱格 土路
守寺僧兵 土路
休莱格 镇淮桥
半边天 城南官道
休莱格 亲军营
了了 江南小道
商韵 土路
半边天 青石官道
休莱格 城南官道
大宝剑 三山门
休莱格 土路
狂歌当哭 江南小道
休莱格 朝阳门
狂歌当哭 土路
赛专诸 江南小道
休莱格 土路
大宝剑 土路
休莱格 云来客栈
今随风 土路
休莱格 聚宝门
大宝剑 正阳门
休莱格 土路
半边天 南大街
赛专诸 江南小道
曲非烟 青石官道
贾依依 钟山
今随风 城南官道
休莱格 三山街
赛专诸 长街
狂歌当哭 小巷
半边天 贡院
今随风 聚宝门
曲非烟 土路
狂歌当哭 正阳门
贾依依 长街
曲非烟 长街
半边天 亲军营
今随风 城南官道
休莱格 小巷
狂歌当哭 淮清桥
贾依依 江南小道
曲非烟 城南官道
大宝剑 淮清桥
休莱格 南大街
半边天 城南官道
今随风 城南官道
曲非烟 土路
狂歌当哭 土路
半边天 土路
狂歌当哭 聚宝门
曲非烟 城南官道
大宝剑 内桥
狂歌当哭 三山门
曲非烟 云来客栈
休莱格 南大街
大宝剑 南浔镇
曲非烟 青石官道
渡麻 青石官道
休莱格 大中街
渡麻 城南官道
半边天 南大街
休莱格 亲军营
半边天 南大街
曲非烟 城南官道
渡麻 小巷
休莱格 城南官道
半边天 镇淮桥
曲非烟 土路
狂歌当哭 正阳门
半边天 药铺
大宝剑 大中街
曲非烟 青石官道
狂歌当哭 正阳门
休莱格 正阳门
曲非烟 圣府
半边天 土路
狂歌当哭 青石官道
休莱格 钟山
半边天 江南小道
狂歌当哭 镇淮桥
曲非烟 南大街
休莱格 云来客栈
大宝剑 城南官道
半边天 亲军营
曲非烟 青石官道
渡麻 江南小道
半边天 大中街
曲非烟 土路
狂歌当哭 土路
大宝剑 镇淮桥
曲非烟 小巷
半边天 小巷
曲非烟 青石官道
渡麻 土路
半边天 长街
狂歌当哭 土路
大宝剑 青石官道
渡麻 小巷
曲非烟 江南小道
狂歌当哭 江南小道
大宝剑 淮清桥
曲非烟 城南官道
曲非烟 南大街
狂歌当哭 云来客栈
大宝剑 小巷
渡麻 土路
曲非烟 土路
大宝剑 镇淮桥
渡麻 大中街
曲非烟 江南小道
狂歌当哭 南浔镇
大宝剑 建康府
渡麻 江南小道
曲非烟 大中街
曲非烟 南大街
狂歌当哭 南大街
曲非烟 镇淮桥
渡麻 镇淮桥
曲非烟 建康府
狂歌当哭 金陵镖局
渡麻 南浔镇
渡麻 小巷
狂歌当哭 土路
渡麻 内桥
狂歌当哭 镇淮桥
渡麻 朝阳门
曲非烟 青石官道
曲非烟 圣府
渡麻 南浔镇
曲非烟 城南官道
渡麻 土路
曲非烟 通济门
曲非烟 青石官道
渡麻 小巷
曲非烟 太平门
渡麻 朝阳门
渡麻 三山街
狂歌当哭 青石官道
渡麻 南浔镇
狂歌当哭 太平门
狂歌当哭 土路
狂歌当哭 大中街
狂歌当哭 江南小道
狂歌当哭 南大街
狂歌当哭 淮清桥
狂歌当哭 南浔镇
狂歌当哭 南大街
狂歌当哭 三山街
狂歌当哭 太平门
狂歌当哭 城南官道
狂歌当哭 贡院
狂歌当哭 南大街
守寺僧兵 朝阳门
守寺僧兵 圣府
守寺僧兵 土路
贾依依 城南官道
今随风 长街
半边天 通济门
守寺僧兵 青石官道
半边天 土路
狂歌当哭 钟山
今随风 圣府
贾依依 江南小道
贾依依 青石官道
狂歌当哭 药铺
贾依依 小巷
狂歌当哭 青石官道
贾依依 土路
狂歌当哭 南浔镇
今随风 南大街
今随风 聚宝门
贾依依 朝阳门
天隐 贡院
狂歌当哭 亲军营
贾依依 正阳门
今随风 小巷
贾依依 江南小道
贾依依 大中街
今随风 江南小道
守寺僧兵 正阳门
半边天 正阳门
贾依依 建康府
二狗 南大街
天隐 建康府
天隐 小巷
半边天 土路
天隐 土路
天隐 大中街
守寺僧兵 城南官道
半边天 江南小道
半边天 太平门
今随风 南大街
守寺僧兵 江南小道
天隐 土路
天隐 承恩寺
半边天 南浔镇
守寺僧兵 镇淮桥
天隐 青石官道
半边天 南浔镇
天隐 长街
守寺僧兵 钟山
天隐 三山街
半边天 长街
天隐 南大街
半边天 聚宝门
天隐 药铺
狂歌当哭 江南小道
半边天 城南官道
了了 钟山
天隐 淮清桥
半边天 江南小道
天隐 承恩寺
了了 城南官道
半边天 钟山
了了 南大街
商韵 土路
半边天 贡院
了了 贡院
商韵 江南小道
半边天 土路
了了 江南小道
商韵 江南小道
半边天 长街
独孤 太平门
了了 小巷
休莱格 江南小道
商韵 内桥
休莱格 江南小道
了了 土路
半边天 承恩寺
休莱格 江南小道
了了 江南小道
独孤 大中街
半边天 三山门
休莱格 江南小道
独孤 青石官道
了了 江南小道
休莱格 淮清桥
半边天 江南小道
独孤 城南官道
休莱格 长街
休莱格 青石官道
半边天 江南小道
休莱格 土路
独孤 正阳门
休莱格 内桥
半边天 金陵镖局
休莱格 朝阳门
独孤 朝阳门
半边天 小巷
休莱格 南大街
独孤 城南官道
大宝剑 江南小道
大宝剑 太平门
大宝剑 药铺
独孤 大中街
独孤 镇淮桥
休莱格 三山街
大宝剑 建康府
独孤 承恩寺
大宝剑 长街
休莱格 镇淮桥
休莱格 城南官道
休莱格 江南小道
休莱格 江南小道
休莱格 江南小道
休莱格 城南官道
休莱格 通济门
独孤 土路
独孤 土路
大宝剑 江南小道
独孤 江南小道
大宝剑 青石官道
独孤 镇淮桥
独孤 正阳门
大宝剑 正阳门
大宝剑 江南小道
大宝剑 长街
大宝剑 小巷
了了 三山街
了了 建康府
了了 江南小道
大宝剑 城南官道
狂歌当哭 土路
狂歌当哭 土路
大宝剑 长街
大宝剑 南大街
大宝剑 江南小道
大宝剑 土路
大宝剑 正阳门
大宝剑 大中街
大宝剑 土路
大宝剑 江南小道
大宝剑 长街
大宝剑 三山街
大宝剑 土路
大宝剑 圣府
狂歌当哭 朝阳门
狂歌当哭 通济门
狂歌当哭 长街
渡麻 朝阳门
渡麻 钟山
本人智商九十 江南小道
渡麻 土路
渡麻 青石官道
渡麻 建康府
云风长 城南官道
狂歌当哭 土路
狂歌当哭 正阳门
云风长 钟山
狂歌当哭 内桥
狂歌当哭 土路
云风长 镇淮桥
渡麻 青石官道
渡麻 淮清桥
了了 钟山
云风长 青石官道
了了 小巷
了了 江南小道
今随风 太平门
渡麻 长街
了了 青石官道
了了 土路
了了 内桥
曲非烟 城南官道
商韵 小巷
了了 钟山
曲非烟 江南小道
狂歌当哭 青石官道
曲非烟 三山街
曲非烟 土路
洪牛 江南小道
渡麻 正阳门
洪牛 三山街
曲非烟 内桥
狂歌当哭 太平门
渡麻 江南小道
赛专诸 青石官道
洪牛 内桥
曲非烟 药铺
渡麻 贡院
赛专诸 江南小道
渡麻 土路
曲非烟 正阳门
赛专诸 青石官道
曲非烟 江南小道
休莱格 土路
洪牛 江南小道
赛专诸 金陵镖局
休莱格 朝阳门
曲非烟 亲军营
狂歌当哭 江南小道
洪牛 青石官道
商韵 土路
赛专诸 三山街
赛专诸 土路
赛专诸 三山门
赛专诸 江南小道
大宝剑 土路
狂歌当哭 三山门
休莱格 青石官道
大宝剑 长街
渡麻 镇淮桥
洪牛 圣府
曲非烟 承恩寺
休莱格 三山门
狂歌当哭 圣府
休莱格 圣府
大宝剑 土路
狂歌当哭 青石官道
休莱格 南浔镇
大宝剑 通济门
狂歌当哭 正阳门
休莱格 大中街
大宝剑 江南小道
狂歌当哭 江南小道
洪牛 城南官道
狂歌当哭 城南官道
大宝剑 朝阳门
曲非烟 通济门
狂歌当哭 内桥
曲非烟 钟山
休莱格 小巷
大宝剑 江南小道
曲非烟 青石官道
渡麻 土路
洪牛 土路
曲非烟 小巷
大宝剑 朝阳门
洪牛 承恩寺
渡麻 淮清桥
狂歌当哭 土路
大宝剑 大中街
狂歌当哭 土路
洪牛 土路
渡云 土路
洪牛 贡院
大宝剑 土路
大宝剑 淮清桥
洪牛 三山门
曲非烟 药铺
休莱格 青石官道
渡云 云来客栈
曲非烟 土路
大宝剑 镇淮桥
渡麻 云来客栈
休莱格 钟山
洪牛 城南官道
曲非烟 药铺
洪牛 贡院
休莱格 长街
曲非烟 城南官道
洪牛 土路
休莱格 聚宝门
洪牛 青石官道
渡麻 云来客栈
大宝剑 贡院
曲非烟 土路
渡麻 青石官道
休莱格 聚宝门
曲非烟 小巷
渡麻 城南官道
洪牛 正阳门
大宝剑 青石官道
曲非烟 钟山
休莱格 亲军营
曲非烟 江南小道
大宝剑 土路
洪牛 江南小道
曲非烟 长街
洪牛 贡院
曲非烟 圣府
休莱格 大中街
渡麻 贡院
洪牛 土路
休莱格 土路
曲非烟 亲军营
渡麻 贡院
休莱格 镇淮桥
曲非烟 镇淮桥
渡云 江南小道
洪牛 江南小道
大宝剑 贡院
狂歌当哭 小巷
曲非烟 土路
洪牛 城南官道
狂歌当哭 青石官道
曲非烟 青石官道
大宝剑 药铺
渡麻 土路
洪牛 小巷
曲非烟 大中街
狂歌当哭 江南小道
大宝剑 南大街
洪牛 长街
渡麻 土路
曲非烟 青石官道
狂歌当哭 镇淮桥
洪牛 江南小道
渡麻 三山街
狂歌当哭 正阳门
曲非烟 青石官道
洪牛 内桥
渡麻 城南官道
洪牛 南大街
曲非烟 城南官道
狂歌当哭 土路
渡麻 土路
曲非烟 南大街
狂歌当哭 承恩寺
洪牛 土路
渡麻 青石官道
曲非烟 圣府
曲非烟 金陵镖局
狂歌当哭 大中街
曲非烟 三山街
渡麻 江南小道
曲非烟 土路
缥缈过客 长街
洪牛 聚宝门
狂歌当哭 钟山
渡麻 青石官道
曲非烟 镇淮桥
洪牛 土路
渡麻 太平门
狂歌当哭 江南小道
洪牛 土路
曲非烟 圣府
狂歌当哭 通济门
曲非烟 青石官道
洪牛 承恩寺
狂歌当哭 土路
渡麻 镇淮桥
曲非烟 长街
洪牛 承恩寺
曲非烟 三山街
狂歌当哭 土路
渡麻 南浔镇
狂歌当哭 三山门
曲非烟 三山街
洪牛 江南小道
曲非烟 建康府
狂歌当哭 建康府
曲非烟 小巷
狂歌当哭 江南小道
渡麻 城南官道
狂歌当哭 太平门
曲非烟 小巷
渡麻 长街
洪牛 圣府
狂歌当哭 三山门
曲非烟 朝阳门
渡麻 城南官道
洪牛 承恩寺
狂歌当哭 土路
曲非烟 亲军营
曲非烟 江南小道
狂歌当哭 土路
曲非烟 建康府
渡麻 亲军营
狂歌当哭 城南官道
曲非烟 淮清桥
渡麻 建康府
守寺僧兵 南浔镇
渡麻 长街
狂歌当哭 朝阳门
渡麻 镇淮桥
狂歌当哭 江南小道
守寺僧兵 小巷
云风长 土路
狂歌当哭 承恩寺
狂歌当哭 南浔镇
渡麻 云来客栈
狂歌当哭 大中街
渡麻 土路
狂歌当哭 淮清桥
狂歌当哭 朝阳门
守寺僧兵 亲军营
守寺僧兵 药铺
守寺僧兵 南大街
守寺僧兵 江南小道
守寺僧兵 贡院
守寺僧兵 大中街
大宝剑 城南官道
守寺僧兵 城南官道
守寺僧兵 土路
守寺僧兵 钟山
守寺僧兵 城南官道
守寺僧兵 南大街
缥缈过客 南大街
休莱格 江南小道
缥缈过客 长街
休莱格 贡院
洪牛 太平门
休莱格 圣府
休莱格 钟山
曲非烟 亲军营
洪牛 江南小道
休莱格 土路
缥缈过客 江南小道
曲非烟 土路
洪牛 淮清桥
曲非烟 金陵镖局
缥缈过客 土路
休莱格 正阳门
渡麻 土路
曲非烟 青石官道
休莱格 南浔镇
]q 土路
]q 土路
休莱格 长街
]q 大中街
]q 太平门
洪牛 南大街
曲非烟 三山街
]q 江南小道
曲非烟 城南官道
洪牛 江南小道
蒙面人 青石官道
曲非烟 城南官道
渡麻 长街
洪牛 南大街
]q 建康府
云风长 南大街
曲非烟 内桥
渡麻 青石官道
蒙面人 青石官道
曲非烟 小巷
洪牛 江南小道
缥缈过客 土路
洪牛 江南小道
曲非烟 城南官道
渡麻 城南官道
洪牛 南大街
缥缈过客 土路
]q 土路
]q 淮清桥
]q 亲军营
缥缈过客 金陵镖局
云风长 土路
缥缈过客 江南小道
蒙面人 建康府
洪牛 城南官道
渡麻 圣府
曲非烟 江南小道
]q 南大街
曲非烟 圣府
缥缈过客 贡院
蒙面人 南大街
洪牛 江南小道
云风长 太平门
曲非烟 淮清桥
缥缈过客 土路
云风长 建康府
蒙面人 江南小道
洪牛 江南小道
曲非烟 长街
渡麻 城南官道
缥缈过客 青石官道
云风长 青石官道
曲非烟 土路
渡麻 镇淮桥
云风长 三山街
曲非烟 土路
洪牛 长街
曲非烟 城南官道
洪牛 南浔镇
渡麻 土路
曲非烟 江南小道
洪牛 青石官道
曲非烟 钟山
渡麻 亲军营
蒙面人 贡院
曲非烟 南浔镇
洪牛 小巷
曲非烟 金陵镖局
曲非烟 通济门
]q 钟山
洪牛 通济门
曲非烟 圣府
]q 内桥
洪牛 亲军营
曲非烟 云来客栈
蒙面人 朝阳门
蒙面人 药铺
曲非烟 江南小道
洪牛 三山门
曲非烟 淮清桥
渡麻 江南小道
]q 青石官道
渡麻 土路
曲非烟 长街
]q 钟山
洪牛 内桥
护寺僧人 土路
曲非烟 南大街
]q 青石官道
狂歌当哭 青石官道
曲非烟 钟山
]q 土路
狂歌当哭 青石官道
渡麻 朝阳门
狂歌当哭 土路
渡麻 亲军营
]q 正阳门
狂歌当哭 土路
狂歌当哭 贡院
]q 钟山
狂歌当哭 青石官道
狂歌当哭 土路
狂歌当哭 南浔镇
]q 镇淮桥
狂歌当哭 青石官道
]q 聚宝门
]q 小巷
]q 江南小道
]q 三山街
大宝剑 云来客栈
曲非烟 土路
曲非烟 土路
大宝剑 长街
洪牛 土路
曲非烟 小巷
狂歌当哭 江南小道
渡麻 城南官道
洪牛 长街
]q 镇淮桥
曲非烟 药铺
渡麻 城南官道
洪牛 药铺
大宝剑 三山街
曲非烟 青石官道
洪牛 江南小道
渡麻 土路
洪牛 南浔镇
渡麻 金陵镖局
曲非烟 内桥
大宝剑 三山门
洪牛 淮清桥
洪牛 江南小道
曲非烟 内桥
渡麻 土路
洪牛 江南小道
曲非烟 土路
渡麻 贡院
赛专诸 城南官道
洪牛 南浔镇
曲非烟 城南官道
渡麻 土路
大宝剑 江南小道
洪牛 江南小道
赛专诸 南浔镇
曲非烟 大中街
渡麻 土路
洪牛 聚宝门
曲非烟 通济门
赛专诸 江南小道
洪牛 城南官道
大宝剑 小巷
曲非烟 小巷
洪牛 城南官道
赛专诸 江南小道
赛专诸 太平门
洪牛 江南小道
曲非烟 正阳门
渡麻 土路
赛专诸 江南小道
赛专诸 云来客栈
赛专诸 朝阳门
大宝剑 通济门
赛专诸 土路
大宝剑 城南官道
洪牛 圣府
曲非烟 三山门
赛专诸 亲军营
渡麻 药铺
曲非烟 正阳门
大宝剑 淮清桥
渡麻 土路
蒙面人 江南小道
曲非烟 土路
大宝剑 正阳门
洪牛 江南小道
渡麻 土路
蒙面人 南大街
曲非烟 土路
渡麻 南大街
洪牛 江南小道
蒙面人 南大街
洪牛 金陵镖局
曲非烟 城南官道
蒙面人 圣府
曲非烟 朝阳门
洪牛 江南小道
曲非烟 南大街
渡麻 江南小道
曲非烟 青石官道
渡麻 土路
洪牛 内桥
曲非烟 朝阳门
渡麻 镇淮桥
曲非烟 土路
渡麻 青石官道
洪牛 亲军营
曲非烟 江南小道
渡麻 青石官道
曲非烟 聚宝门
洪牛 江南小道
渡麻 正阳门
曲非烟 南大街
渡麻 南浔镇
洪牛 南大街
曲非烟 江南小道
曲非烟 长街
洪牛 三山门
渡麻 承恩寺
曲非烟 江南小道
洪牛 钟山
渡麻 小巷
护寺僧人 南大街
休莱格 城南官道
护寺僧人 城南官道
朝廷贪官 江南小道
休莱格 城南官道
护寺僧人 云来客栈
朝廷贪官 小巷
休莱格 三山街
休莱格 土路
护寺僧人 青石官道
朝廷贪官 长街
今随风 南大街
朝廷贪官 南浔镇
今随风 三山街
休莱格 淮清桥
护寺僧人 钟山
今随风 江南小道
朝廷贪官 南大街
护寺僧人 药铺
休莱格 药铺
今随风 太平门
朝廷贪官 三山门
休莱格 青石官道
护寺僧人 淮清桥
朝廷贪官 金陵镖局
今随风 土路
护寺僧人 大中街
休莱格 城南官道
今随风 圣府
休莱格 圣府
今随风 土路
休莱格 亲军营
今随风 城南官道
护寺僧人 南浔镇
休莱格 城南官道
今随风 贡院
休莱格 土路
护寺僧人 江南小道
休莱格 江南小道
今随风 土路
休莱格 青石官道
休莱格 钟山
休莱格 小巷
护寺僧人 青石官道
休莱格 土路
休莱格 通济门
护寺僧人 三山门
休莱格 聚宝门
休莱格 青石官道
休莱格 承恩寺
休莱格 聚宝门
休莱格 金陵镖局
休莱格 土路
休莱格 小巷
休莱格 正阳门
刚万德 土路
休莱格 南大街
刚万德 南大街
刚万德 小巷
休莱格 江南小道
刚万德 亲军营
休莱格 长街
刚万德 长街
洪牛 长街
曲非烟 土路
休莱格 钟山
刚万德 土路
曲非烟 长街
洪牛 太平门
刚万德 小巷
休莱格 钟山
刚万德 大中街
渡知 土路
休莱格 青石官道
曲非烟 江南小道
洪牛 青石官道
休莱格 土路
曲非烟 江南小道
休莱格 三山街
洪牛 江南小道
曲非烟 南大街
曲非烟 青石官道
曲非烟 朝阳门
曲非烟 三山街
天隐 江南小道
曲非烟 正阳门
洪牛 大中街
天隐 江南小道
洪牛 江南小道
天隐 土路
天隐 青石官道
天隐 土路
曲非烟 通济门
洪牛 土路
天隐 太平门
洪牛 青石官道
天隐 南浔镇
天隐 小巷
天隐 大中街
洪牛 青石官道
狂歌当哭 土路
天隐 圣府
天隐 城南官道
天隐 贡院
狂歌当哭 淮清桥
天隐 小巷
天隐 朝阳门
天隐 南大街
天隐 土路
狂歌当哭 亲军营
天隐 金陵镖局
天隐 土路
狂歌当哭 聚宝门
天隐 青石官道
天隐 朝阳门
天隐 城南官道
天隐 云来客栈
狂歌当哭 青石官道
洪牛 承恩寺
天隐 长街
天隐 土路
曲非烟 城南官道
狂歌当哭 江南小道
天隐 小巷
曲非烟 小巷
天隐 小巷
蒙面人 青石官道
洪牛 土路
天隐 城南官道
蒙面人 青石官道
洪牛 通济门
天隐 青石官道
狂歌当哭 镇淮桥
天隐 长街
蒙面人 南大街
天隐 小巷
洪牛 承恩寺
蒙面人 亲军营
天隐 亲军营
休莱格 钟山
天隐 土路
休莱格 药铺
洪牛 三山街
蒙面人 土路
休莱格 南大街
天隐 江南小道
狂歌当哭 朝阳门
休莱格 聚宝门
曲非烟 南浔镇
天隐 淮清桥
休莱格 城南官道
天隐 土路
曲非烟 金陵镖局
休莱格 南浔镇
天隐 江南小道
洪牛 青石官道
休莱格 云来客栈
天隐 江南小道
曲非烟 贡院
休莱格 土路
天隐 聚宝门
曲非烟 江南小道
休莱格 圣府
洪牛 土路
天隐 土路
曲非烟 青石官道
休莱格 正阳门
天隐 江南小道
曲非烟 聚宝门
休莱格 江南小道
洪牛 青石官道
天隐 城南官道
曲非烟 聚宝门
休莱格 镇淮桥
狂歌当哭 南浔镇
洪牛 青石官道
曲非烟 药铺
曲非烟 南大街
洪牛 聚宝门
休莱格 大中街
曲非烟 圣府
休莱格 朝阳门
曲非烟 土路
狂歌当哭 承恩寺
洪牛 江南小道
休莱格 亲军营
天隐 亲军营
狂歌当哭 南大街
曲非烟 内桥
休莱格 圣府
洪牛 正阳门
休莱格 药铺
曲非烟 贡院
狂歌当哭 青石官道
曲非烟 三山街
洪牛 江南小道
休莱格 南大街
狂歌当哭 土路
曲非烟 江南小道
休莱格 长街
洪牛 小巷
曲非烟 土路
渡麻 城南官道
休莱格 江南小道
曲非烟 青石官道
休莱格 内桥
曲非烟 承恩寺
休莱格 江南小道
洪牛 三山街
休莱格 贡院
狂歌当哭 云来客栈
曲非烟 药铺
洪牛 江南小道
曲非烟 江南小道
洪牛 小巷
曲非烟 城南官道
洪牛 土路
狂歌当哭 小巷
曲非烟 江南小道
曲非烟 城南官道
休莱格 朝阳门
曲非烟 江南小道
狂歌当哭 大中街
曲非烟 南大街
渡麻 淮清桥
休莱格 小巷
洪牛 聚宝门
狂歌当哭 江南小道
曲非烟 南浔镇
渡炫 镇淮桥
休莱格 土路
渡麻 土路
洪牛 太平门
曲非烟 江南小道
狂歌当哭 城南官道
洪牛 钟山
曲非烟 江南小道
休莱格 土路
洪牛 三山街
狂歌当哭 南大街
曲非烟 土路
休莱格 江南小道
狂歌当哭 正阳门
渡炫 城南官道
休莱格 土路
狂歌当哭 江南小道
狂歌当哭 通济门
休莱格 圣府
缥缈过客 土路
狂歌当哭 太平门
休莱格 正阳门
缥缈过客 南浔镇
渡炫 小巷
休莱格 南浔镇
缥缈过客 南大街
休莱格 大中街
狂歌当哭 南大街
缥缈过客 三山街
缥缈过客 太平门
休莱格 太平门
缥缈过客 土路
缥缈过客 大中街
狂歌当哭 土路
休莱格 城南官道
缥缈过客 内桥
休莱格 大中街
休莱格 土路
狂歌当哭 青石官道
狂歌当哭 钟山
狂歌当哭 长街
渡炫 淮清桥
聪明的小石榴 亲军营
渡炫 土路
渡炫 土路
聪明的小石榴 江南小道
朝廷贪官 南大街
年年有鱼 江南小道
朝廷贪官 土路
狂歌当哭 城南官道
年年有鱼 土路
朝廷贪官 江南小道
年年有鱼 聚宝门
朝廷贪官 圣府
年年有鱼 淮清桥
朝廷贪官 土路
大宝剑 三山门
年年有鱼 江南小道
大宝剑 太平门
朝廷贪官 城南官道
朝廷贪官 土路
朝廷贪官 江南小道
狂歌当哭 长街
朝廷贪官 城南官道
渡枫 钟山
朝廷贪官 江南小道
渡枫 青石官道
渡枫 钟山
朝廷贪官 土路
朝廷贪官 贡院
大宝剑 圣府
守寺僧兵 金陵镖局
大宝剑 江南小道
休莱格 亲军营
大宝剑 镇淮桥
休莱格 正阳门
休莱格 云来客栈
休莱格 青石官道
狂歌当哭 圣府
休莱格 土路
狂歌当哭 青石官道
渡枫 三山街
休莱格 云来客栈
狂歌当哭 承恩寺
大宝剑 青石官道
渡枫 南浔镇
休莱格 土路
狂歌当哭 江南小道
大宝剑 亲军营
休莱格 朝阳门
聪明的小石榴 土路
大宝剑 亲军营
狂歌当哭 土路
狂歌当哭 土路
渡枫 长街
大宝剑 城南官道
狂歌当哭 土路
大宝剑 江南小道
狂歌当哭 长街
微醺 南浔镇
大宝剑 药铺
聪明的小石榴 朝阳门
大宝剑 江南小道
渡枫 土路
护寺僧人 城南官道
护寺僧人 镇淮桥
渡枫 大中街
护寺僧人 亲军营
护寺僧人 正阳门
护寺僧人 建康府
曲非烟 南大街
护寺僧人 江南小道
曲非烟 建康府
护寺僧人 小巷
曲非烟 城南官道
曲非烟 金陵镖局
护寺僧人 土路
护寺僧人 太平门
护寺僧人 土路
曲非烟 南浔镇
曲非烟 聚宝门
渡麻 江南小道
渡麻 聚宝门
曲非烟 内桥
渡麻 长街
渡麻 土路
朝廷贪官 土路
朝廷贪官 太平门
朝廷贪官 镇淮桥
朝廷贪官 小巷
曲非烟 亲军营
朝廷贪官 三山街
曲非烟 土路
朝廷贪官 江南小道
朝廷贪官 金陵镖局
朝廷贪官 镇淮桥
朝廷贪官 土路
朝廷贪官 长街
年年有鱼 长街
年年有鱼 云来客栈
本龙 南浔镇
天隐 土路
天隐 大中街
年年有鱼 正阳门
天隐 太平门
年年有鱼 江南小道
浊流 南浔镇
年年有鱼 镇淮桥
浊流 青石官道
浊流 土路
休莱格 长街
浊流 土路
浊流 建康府
休莱格 三山门
浊流 城南官道
休莱格 长街
浊流 土路
休莱格 江南小道
浊流 江南小道
守寺僧兵 江南小道
休莱格 亲军营
休莱格 圣府
休莱格 内桥
休莱格 南浔镇
休莱格 土路
休莱格 江南小道
休莱格 小巷
休莱格 大中街
休莱格 建康府
休莱格 云来客栈
渡枫 江南小道
曲非烟 江南小道
渡枫 土路
曲非烟 江南小道
渡枫 小巷
曲非烟 小巷
曲非烟 南浔镇
渡枫 南浔镇
天隐 江南小道
渡枫 青石官道
天隐 长街
曲非烟 土路
天隐 城南官道
曲非烟 南大街
天隐 城南官道
休莱格 南大街
天隐 土路
曲非烟 圣府
曲非烟 云来客栈
天隐 青石官道
休莱格 江南小道
天隐 土路
休莱格 云来客栈
天隐 承恩寺
曲非烟 朝阳门
休莱格 青石官道
天隐 城南官道
曲非烟 南大街
休莱格 土路
天隐 青石官道
休莱格 青石官道
天隐 贡院
曲非烟 长街
天隐 大中街
休莱格 土路
天隐 土路
天隐 江南小道
曲非烟 通济门
天隐 土路
天隐 土路
休莱格 内桥
天隐 内桥
休莱格 承恩寺
天隐 承恩寺
休莱格 亲军营
天隐 聚宝门
天隐 云来客栈
休莱格 金陵镖局
天隐 正阳门
休莱格 南大街
天隐 青石官道
洪牛 土路
天隐 钟山
休莱格 金陵镖局
天隐 小巷
休莱格 南大街
狂歌当哭 土路
天隐 城南官道
休莱格 圣府
天隐 城南官道
天隐 钟山
洪牛 金陵镖局
狂歌当哭 青石官道
天隐 青石官道
狂歌当哭 江南小道
狂歌当哭 云来客栈
天隐 青石官道
天隐 钟山
狂歌当哭 青石官道
狂歌当哭 三山门
狂歌当哭 贡院
狂歌当哭 圣府
洪牛 青石官道
狂歌当哭 土路
狂歌当哭 江南小道
休莱格 青石官道
狂歌当哭 青石官道
休莱格 药铺
狂歌当哭 通济门
狂歌当哭 江南小道
休莱格 南大街
狂歌当哭 南大街
休莱格 江南小道
狂歌当哭 圣府
休莱格 大中街
狂歌当哭 青石官道
休莱格 亲军营
狂歌当哭 亲军营
休莱格 江南小道
聪明的小石榴 土路
休莱格 土路
休莱格 太平门
休莱格 长街
休莱格 青石官道
休莱格 建康府
休莱格 金陵镖局
休莱格 长街
休莱格 正阳门
休莱格 镇淮桥
休莱格 聚宝门
天隐 贡院
天隐 青石官道
天隐 长街
休莱格 土路
天隐 小巷
休莱格 大中街
天隐 江南小道
休莱格 淮清桥
天隐 金陵镖局
休莱格 江南小道
休莱格 三山门
洪牛 三山街
天隐 小巷
休莱格 江南小道
天隐 金陵镖局
休莱格 长街
天隐 圣府
休莱格 三山门
狂歌当哭 内桥
天隐 江南小道
休莱格 江南小道
天隐 城南官道
洪牛 小巷
休莱格 青石官道
天隐 朝阳门
狂歌当哭 江南小道
天隐 江南小道
天隐 南大街
天隐 药铺
狂歌当哭 土路
天隐 土路
休莱格 镇淮桥
天隐 淮清桥
天隐 钟山
休莱格 南浔镇
天隐 城南官道
休莱格 聚宝门
天隐 城南官道
狂歌当哭 江南小道
休莱格 亲军营
天隐 土路
洪牛 聚宝门
天隐 土路
休莱格 江南小道
狂歌当哭 钟山
天隐 圣府
休莱格 江南小道
天隐 土路
天隐 三山街
狂歌当哭 圣府
天隐 长街
天隐 土路
休莱格 太平门
狂歌当哭 土路
天隐 圣府
狂歌当哭 承恩寺
狂歌当哭 朝阳门
休莱格 土路
狂歌当哭 云来客栈
狂歌当哭 江南小道
休莱格 贡院
狂歌当哭 内桥
狂歌当哭 青石官道
休莱格 青石官道
休莱格 城南官道
休莱格 青石官道
休莱格 江南小道
休莱格 城南官道
休莱格 土路
休莱格 承恩寺
狂歌当哭 南浔镇
今随风 青石官道
今随风 江南小道
狂歌当哭 金陵镖局
狂歌当哭 土路
今随风 土路
狂歌当哭 南大街
今随风 土路
本龙 城南官道
狂歌当哭 城南官道
大宝剑 青石官道
大宝剑 通济门
休莱格 小巷
大宝剑 小巷
休莱格 土路
休莱格 小巷
狂歌当哭 太平门
休莱格 淮清桥
大宝剑 贡院
洪牛 承恩寺
渡麻 通济门
曲非烟 南大街
守寺僧兵 土路
洪牛 城南官道
大宝剑 药铺
渡麻 土路
曲非烟 三山门
守寺僧兵 城南官道
曲非烟 小巷
洪牛 三山街
守寺僧兵 江南小道
渡麻 云来客栈
大宝剑 金陵镖局
渡枫 贡院
今随风 土路
洪牛 青石官道
休莱格 土路
渡麻 淮清桥
洪牛 镇淮桥
曲非烟 亲军营
休莱格 贡院
曲非烟 青石官道
渡麻 江南小道
休莱格 小巷
洪牛 青石官道
渡麻 南大街
曲非烟 通济门
休莱格 贡院
渡知 圣府
洪牛 城南官道
渡麻 土路
渡枫 大中街
曲非烟 土路
休莱格 金陵镖局
曲非烟 朝阳门
休莱格 金陵镖局
休莱格 长街
渡枫 青石官道
洪牛 聚宝门
休莱格 内桥
渡枫 城南官道
狂歌当哭 南大街
今随风 土路
狂歌当哭 聚宝门
今随风 贡院
狂歌当哭 小巷
今随风 大中街
狂歌当哭 江南小道
今随风 青石官道
洪牛 土路
渡枫 长街
渡麻 承恩寺
渡枫 长街
渡麻 朝阳门
曲非烟 南浔镇
洪牛 土路
渡麻 圣府
渡麻 内桥
渡枫 土路
浊流 土路
渡麻 江南小道
渡麻 城南官道
洪牛 江南小道
渡枫 土路
渡枫 建康府
渡枫 长街
渡枫 土路
渡枫 大中街
渡枫 三山门
渡枫 聚宝门
渡枫 淮清桥
本痴 城南官道
本痴 青石官道
本痴 朝阳门
本痴 南大街
本痴 小巷
本痴 土路
本痴 建康府
渡枫 土路
渡知 圣府
渡枫 江南小道
渡枫 土路
渡枫 云来客栈
二狗 青石官道
天隐 城南官道
天隐 太平门
天隐 城南官道
天隐 镇淮桥
天隐 建康府
天隐 小巷
缥缈过客 承恩寺
天隐 青石官道
天隐 太平门
休莱格 长街
休莱格 青石官道
今随风 建康府
休莱格 钟山
今随风 建康府
休莱格 小巷
休莱格 江南小道
休莱格 青石官道
休莱格 亲军营
今随风 青石官道
休莱格 通济门
天隐 土路
休莱格 金陵镖局
天隐 江南小道
今随风 青石官道
天隐 大中街
天隐 聚宝门
休莱格 云来客栈
渡枫 青石官道
休莱格 小巷
天隐 建康府
今随风 承恩寺
天隐 大中街
休莱格 大中街
渡枫 江南小道
天隐 通济门
风吹 城南官道
休莱格 南大街
今随风 长街
天隐 圣府
休莱格 小巷
风吹 亲军营
天隐 土路
渡枫 土路
今随风 亲军营
休莱格 土路
天隐 江南小道
风吹 亲军营
天隐 小巷
风吹 镇淮桥
休莱格 江南小道
休莱格 贡院
天隐 南大街
风吹 长街
休莱格 建康府
天隐 土路
风吹 土路
休莱格 江南小道
天隐 承恩寺
天隐 正阳门
浊流 江南小道
大宝子 青石官道
天隐 青石官道
浊流 江南小道
风吹 圣府
休莱格 江南小道
天隐 钟山
风吹 承恩寺
天隐 金陵镖局
休莱格 云来客栈
蒙面人 江南小道
浊流 青石官道
天隐 江南小道
休莱格 土路
曲非烟 贡院
天隐 青石官道
休莱格 城南官道
蒙面人 城南官道
浊流 通济门
天隐 江南小道
曲非烟 江南小道
天隐 土路
曲非烟 江南小道
风吹 江南小道
天隐 内桥
曲非烟 土路
蒙面人 淮清桥
天隐 青石官道
休莱格 金陵镖局
天隐 镇淮桥
曲非烟 淮清桥
休莱格 太平门
天隐 药铺
天隐 正阳门
曲非烟 江南小道
天隐 钟山
天隐 金陵镖局
休莱格 江南小道
蒙面人 小巷
天隐 江南小道
天隐 江南小道
休莱格 小巷
风吹 江南小道
天隐 南大街
浊流 江南小道
风吹 建康府
洪牛 聚宝门
休莱格 小巷
天隐 土路
洪牛 三山门
休莱格 城南官道
风吹 三山街
天隐 金陵镖局
天隐 小巷
休莱格 承恩寺
蒙面人 镇淮桥
浊流 小巷
休莱格 云来客栈
天隐 土路
浊流 朝阳门
休莱格 通济门
天隐 聚宝门
休莱格 大中街
天隐 土路
洪牛 城南官道
天隐 青石官道
浊流 青石官道
天隐 贡院
浊流 内桥
天隐 城南官道
蒙面人 小巷
洪牛 小巷
天隐 土路
蒙面人 小巷
天隐 通济门
曲非烟 小巷
天隐 江南小道
洪牛 正阳门
天隐 土路
曲非烟 青石官道
天隐 三山街
天隐 城南官道
天隐 土路
天隐 青石官道
天隐 城南官道
天隐 土路
天隐 城南官道
天隐 朝阳门
天隐 青石官道
天隐 江南小道
洪牛 土路
天隐 江南小道
休莱格 钟山
天隐 金陵镖局
今随风 江南小道
洪牛 青石官道
休莱格 正阳门
今随风 钟山
洪牛 太平门
休莱格 镇淮桥
今随风 内桥
休莱格 长街
今随风 通济门
休莱格 贡院
洪牛 贡院
休莱格 城南官道
今随风 青石官道
洪牛 镇淮桥
休莱格 南浔镇
今随风 城南官道
洪牛 青石官道
休莱格 青石官道
休莱格 江南小道
休莱格 土路
休莱格 南大街
休莱格 小巷
今随风 土路
今随风 南大街
休莱格 土路
休莱格 土路
休莱格 土路
天隐 内桥
今随风 长街
天隐 土路
今随风 青石官道
天隐 聚宝门
休莱格 江南小道
洪牛 药铺
天隐 聚宝门
休莱格 土路
天隐 城南官道
休莱格 朝阳门
天隐 药铺
天隐 青石官道
今随风 淮清桥
今随风 江南小道
休莱格 城南官道
休莱格 云来客栈
天隐 江南小道
休莱格 城南官道
天隐 土路
浊流 朝阳门
天隐 土路
洪牛 青石官道
天隐 土路
休莱格 聚宝门
浊流 圣府
天隐 云来客栈
浊流 朝阳门
天隐 青石官道
休莱格 土路
天隐 城南官道
天隐 青石官道
今随风 土路
浊流 土路
休莱格 江南小道
天隐 建康府
浊流 城南官道
天隐 内桥
浊流 南大街
休莱格 土路
天隐 江南小道
曲非烟 土路
天隐 江南小道
浊流 小巷
天隐 土路
休莱格 亲军营
浊流 土路
天隐 亲军营
今随风 正阳门
休莱格 江南小道
天隐 药铺
浊流 圣府
洪牛 钟山
天隐 青石官道
休莱格 亲军营
今随风 土路
天隐 药铺
浊流 承恩寺
休莱格 江南小道
天隐 江南小道
今随风 长街
曲非烟 土路
天隐 江南小道
浊流 钟山
天隐 镇淮桥
休莱格 南大街
浊流 土路
天隐 承恩寺
休莱格 青石官道
浊流 青石官道
曲非烟 土路
休莱格 土路
曲非烟 镇淮桥
洪牛 三山门
曲非烟 承恩寺
休莱格 江南小道
休莱格 太平门
休莱格 南浔镇
休莱格 青石官道
守寺僧兵 长街
休莱格 江南小道
休莱格 云来客栈
了了 亲军营
商韵 青石官道
大宝剑 药铺
了了 土路
商韵 城南官道
了了 建康府
狂歌当哭 正阳门
了了 朝阳门
商韵 土路
狂歌当哭 钟山
了了 土路
了了 青石官道
商韵 镇淮桥
了了 青石官道
商韵 淮清桥
了了 青石官道
了了 小巷
商韵 青石官道
了了 大中街
狂歌当哭 圣府
狂歌当哭 土路
休莱格 三山门
休莱格 淮清桥
渡炫 江南小道
朝廷贪官 长街
大宝剑 圣府
渡炫 承恩寺
朝廷贪官 通济门
狂歌当哭 江南小道
朝廷贪官 三山街
朝廷贪官 圣府
狂歌当哭 三山门
朝廷贪官 三山街
大宝剑 药铺
朝廷贪官 小巷
狂歌当哭 土路
朝廷贪官 三山街
渡知 三山街
朝廷贪官 太平门
大宝剑 青石官道
狂歌当哭 城南官道
渡知 正阳门
朝廷贪官 土路
朝廷贪官 聚宝门
云风长 贡院
大宝剑 承恩寺
朝廷贪官 江南小道
朝廷贪官 钟山
朝廷贪官 江南小道
朝廷贪官 太平门
云风长 聚宝门
朝廷贪官 淮清桥
朝廷贪官 土路
朝廷贪官 云来客栈
大宝剑 城南官道
朝廷贪官 太平门
朝廷贪官 城南官道
狂歌当哭 金陵镖局
朝廷贪官 土路
大宝剑 青石官道
狂歌当哭 承恩寺
狂歌当哭 云来客栈
大宝剑 淮清桥
狂歌当哭 三山街
大宝剑 太平门
狂歌当哭 钟山
狂歌当哭 正阳门
大宝剑 淮清桥
狂歌当哭 圣府
狂歌当哭 镇淮桥
渡枫 三山街
朝廷贪官 钟山
狂歌当哭 江南小道
朝廷贪官 三山门
朝廷贪官 青石官道
浊流 正阳门
渡麻 小巷
狂歌当哭 城南官道
洪牛 土路
曲非烟 太平门
朝廷贪官 太平门
狂歌当哭 建康府
浊流 长街
朝廷贪官 城南官道
狂歌当哭 小巷
渡麻 圣府
渡枫 朝阳门
守寺僧兵 三山街
曲非烟 正阳门
渡麻 江南小道
渡麻 三山门
曲非烟 南浔镇
洪牛 正阳门
渡枫 青石官道
曲非烟 青石官道
渡麻 土路
渡枫 江南小道
守寺僧兵 聚宝门
曲非烟 亲军营
洪牛 小巷
渡枫 土路
渡枫 金陵镖局
守寺僧兵 朝阳门
渡枫 长街
渡麻 聚宝门
曲非烟 土路
曲非烟 土路
朝廷贪官 药铺
渡麻 江南小道
曲非烟 镇淮桥
朝廷贪官 青石官道
朝廷贪官 承恩寺
渡麻 南浔镇
曲非烟 长街
朝廷贪官 城南官道
朝廷贪官 承恩寺
朝廷贪官 内桥
渡麻 青石官道
朝廷贪官 土路
渡枫 青石官道
朝廷贪官 小巷
渡麻 太平门
曲非烟 三山街
渡麻 小巷
曲非烟 江南小道
渡麻 城南官道
朝廷贪官 镇淮桥
朝廷贪官 青石官道
朝廷贪官 土路
渡枫 长街
渡枫 土路
渡枫 三山门
渡枫 土路
渡枫 土路
渡枫 通济门
渡枫 土路
渡枫 金陵镖局
渡枫 三山门
渡枫 江南小道
渡枫 聚宝门
朝廷贪官 江南小道
渡枫 江南小道
朝廷贪官 三山门
渡枫 药铺
朝廷贪官 青石官道
朝廷贪官 土路
渡枫 小巷
朝廷贪官 通济门
渡枫 大中街
朝廷贪官 土路
朝廷贪官 淮清桥
渡枫 太平门
朝廷贪官 聚宝门
渡枫 太平门
朝廷贪官 朝阳门
朝廷贪官 土路
朝廷贪官 土路
朝廷贪官 钟山
朝廷贪官 镇淮桥
朝廷贪官 青石官道
朝廷贪官 土路
朝廷贪官 土路
渡枫 小巷
朝廷贪官 太平门
朝廷贪官 土路
朝廷贪官 南大街
渡枫 大中街
朝廷贪官 小巷
渡枫 镇淮桥
朝廷贪官 三山门
渡枫 建康府
浊流 江南小道
浊流 聚宝门
浊流 青石官道
浊流 亲军营
浊流 南浔镇
浊流 大中街
浊流 贡院
浊流 土路
渡枫 大中街
狂歌当哭 朝阳门
天隐 亲军营
渡枫 贡院
休莱格 长街
天隐 城南官道
天隐 土路
休莱格 大中街
狂歌当哭 江南小道
天隐 南浔镇
蒙面人 三山街
天隐 圣府
休莱格 三山门
天隐 青石官道
狂歌当哭 青石官道
天隐 通济门
狂歌当哭 土路
休莱格 土路
蒙面人 聚宝门
天隐 青石官道
蒙面人 三山街
狂歌当哭 青石官道
天隐 江南小道
休莱格 镇淮桥
渡行 承恩寺
天隐 南大街
蒙面人 大中街
休莱格 南大街
天隐 南浔镇
风吹 建康府
天隐 长街
休莱格 江南小道
风吹 承恩寺
狂歌当哭 小巷
天隐 江南小道
休莱格 贡院
风吹 大中街
天隐 药铺
狂歌当哭 亲军营
休莱格 土路
风吹 青石官道
天隐 太平门
休莱格 土路
渡行 贡院
休莱格 钟山
风吹 土路
风吹 钟山
休莱格 太平门
风吹 土路
休莱格 药铺
狂歌当哭 金陵镖局
护寺僧人 长街
风吹 小巷
天隐 三山门
休莱格 青石官道
风吹 土路
天隐 城南官道
狂歌当哭 圣府
护寺僧人 正阳门
休莱格 钟山
狂歌当哭 青石官道
天隐 土路
风吹 小巷
天隐 钟山
休莱格 小巷
风吹 镇淮桥
天隐 淮清桥
休莱格 云来客栈
天隐 南浔镇
风吹 贡院
天隐 青石官道
休莱格 土路
风吹 青石官道
休莱格 云来客栈
天隐 江南小道
狂歌当哭 聚宝门
天隐 江南小道
风吹 土路
休莱格 青石官道
天隐 镇淮桥
狂歌当哭 土路
休莱格 青石官道
天隐 三山街
狂歌当哭 钟山
守寺僧兵 江南小道
风吹 贡院
天隐 江南小道
蒙面人 亲军营
天隐 青石官道
蒙面人 城南官道
天隐 太平门
休莱格 三山街
休莱格 江南小道
天隐 金陵镖局
蒙面人 土路
休莱格 土路
天隐 江南小道
休莱格 圣府
天隐 贡院
蒙面人 土路
休莱格 药铺
天隐 城南官道
蒙面人 江南小道
休莱格 土路
天隐 三山街
休莱格 朝阳门
天隐 药铺
渡枫 青石官道
休莱格 土路
蒙面人 土路
休莱格 云来客栈
休莱格 青石官道
休莱格 土路
渡枫 圣府
洪牛 淮清桥
休莱格 城南官道
渡枫 江南小道
休莱格 江南小道
蒙面人 江南小道
休莱格 江南小道
休莱格 南大街
休莱格 江南小道
休莱格 江南小道
休莱格 土路
休莱格 南大街
天隐 土路
休莱格 长街
休莱格 通济门
天隐 小巷
天隐 大中街
休莱格 通济门
天隐 青石官道
休莱格 土路
天隐 土路
天隐 青石官道
天隐 江南小道
天隐 钟山
天隐 青石官道
天隐 江南小道
守寺僧兵 南浔镇
天隐 承恩寺
天隐 土路
天隐 淮清桥
天隐 土路
天隐 江南小道
天隐 大中街
洪牛 朝阳门
天隐 土路
天隐 内桥
曲非烟 青石官道
狂歌当哭 城南官道
天隐 城南官道
洪牛 金陵镖局
天隐 江南小道
天隐 淮清桥
狂歌当哭 建康府
休莱格 青石官道
天隐 小巷
休莱格 亲军营
天隐 青石官道
狂歌当哭 云来客栈
洪牛 江南小道
休莱格 江南小道
天隐 内桥
天隐 江南小道
狂歌当哭 土路
休莱格 江南小道
天隐 建康府
休莱格 三山街
狂歌当哭 圣府
天隐 长街
休莱格 土路
天隐 土路
休莱格 三山门
天隐 正阳门
休莱格 长街
天隐 长街
狂歌当哭 镇淮桥
天隐 长街
天隐 土路
狂歌当哭 正阳门
休莱格 青石官道
天隐 长街
狂歌当哭 土路
天隐 江南小道
休莱格 朝阳门
天隐 金陵镖局
天隐 江南小道
休莱格 金陵镖局
天隐 江南小道
天隐 城南官道
天隐 土路
休莱格 正阳门
天隐 土路
狂歌当哭 镇淮桥
天隐 城南官道
休莱格 聚宝门
天隐 南浔镇
天隐 长街
洪牛 聚宝门
休莱格 江南小道
天隐 土路
狂歌当哭 大中街
休莱格 土路
天隐 江南小道
休莱格 建康府
天隐 土路
休莱格 长街
天隐 土路
曲非烟 长街
休莱格 正阳门
天隐 青石官道
休莱格 江南小道
洪牛 金陵镖局
天隐 建康府
狂歌当哭 江南小道
曲非烟 南大街
休莱格 江南小道
狂歌当哭 圣府
休莱格 土路
休莱格 江南小道
休莱格 云来客栈
洪牛 小巷
狂歌当哭 贡院
休莱格 内桥
狂歌当哭 金陵镖局
夜天子 亲军营
休莱格 土路
狂歌当哭 青石官道
曲非烟 圣府
夜天子 土路
休莱格 土路
狂歌当哭 江南小道
夜天子 土路
休莱格 土路
狂歌当哭 土路
夜天子 江南小道
休莱格 城南官道
夜天子 药铺
夜天子 长街
狂歌当哭 土路
休莱格 长街
夜天子 小巷
休莱格 云来客栈
夜天子 城南官道
休莱格 承恩寺
洪牛 江南小道
渡行 亲军营
夜天子 三山街
守寺僧兵 朝阳门
休莱格 朝阳门
夜天子 城南官道
狂歌当哭 内桥
夜天子 江南小道
休莱格 青石官道
洪牛 大中街
夜天子 土路
守寺僧兵 南大街
休莱格 通济门
夜天子 土路
夜天子 土路
休莱格 承恩寺
夜天子 土路
狂歌当哭 长街
曲非烟 长街
休莱格 小巷
夜天子 长街
狂歌当哭 镇淮桥
夜天子 江南小道
守寺僧兵 南大街
夜天子 江南小道
休莱格 长街
狂歌当哭 青石官道
曲非烟 江南小道
夜天子 聚宝门
休莱格 钟山
夜天子 贡院
休莱格 南浔镇
狂歌当哭 云来客栈
守寺僧兵 金陵镖局
狂歌当哭 江南小道
守寺僧兵 钟山
守寺僧兵 南大街
守寺僧兵 江南小道
守寺僧兵 金陵镖局
守寺僧兵 南大街
守寺僧兵 镇淮桥
守寺僧兵 聚宝门
守寺僧兵 太平门
无杏 聚宝门
无杏 贡院
无杏 江南小道
无杏 江南小道
大宝剑 土路
无杏 土路
无杏 青石官道
大宝剑 土路
无杏 南大街
无杏 江南小道
守寺僧兵 青石官道
大宝剑 云来客栈
大宝剑 南大街
大宝剑 青石官道
守寺僧兵 通济门
守寺僧兵 江南小道
今随风 小巷
大宝剑 城南官道
守寺僧兵 江南小道
今随风 江南小道
休莱格 城南官道
守寺僧兵 贡院
休莱格 南大街
休莱格 土路
今随风 青石官道
大宝剑 土路
洪牛 土路
渡麻 城南官道
休莱格 土路
大宝剑 青石官道
休莱格 小巷
渡麻 江南小道
休莱格 钟山
大宝剑 江南小道
休莱格 青石官道
守寺僧兵 小巷
休莱格 土路
休莱格 长街
休莱格 江南小道
休莱格 青石官道
大宝剑 南大街
休莱格 朝阳门
休莱格 圣府
休莱格 青石官道
守寺僧兵 通济门
渡麻 小巷
休莱格 圣府
洪牛 青石官道
休莱格 江南小道
渡麻 江南小道
休莱格 内桥
休莱格 三山门
渡麻 太平门
守寺僧兵 淮清桥
休莱格 南大街
曲非烟 承恩寺
休莱格 土路
渡麻 城南官道
渡麻 三山门
渡麻 土路
休莱格 亲军营
曲非烟 土路
大宝剑 钟山
休莱格 江南小道
大宝剑 长街
休莱格 土路
休莱格 长街
渡麻 土路
洪牛 小巷
休莱格 三山门
休莱格 江南小道
大宝剑 正阳门
洪牛 大中街
休莱格 通济门
休莱格 城南官道
渡麻 南大街
大宝剑 江南小道
休莱格 大中街
大宝剑 小巷
休莱格 青石官道
渡麻 南大街
休莱格 正阳门
渡麻 钟山
渡麻 钟山
大宝剑 土路
洪牛 江南小道
曲非烟 朝阳门
大宝剑 金陵镖局
渡麻 通济门
大宝剑 镇淮桥
守寺僧兵 江南小道
渡枫 贡院
大宝剑 土路
渡枫 太平门
洪牛 江南小道
大宝剑 通济门
渡枫 南浔镇
渡枫 长街
渡枫 南浔镇
渡枫 长街
渡枫 城南官道
微醺 江南小道
浊流 云来客栈
渡枫 青石官道
渡枫 圣府
渡枫 土路
浊流 土路
渡枫 聚宝门
渡枫 城南官道
浊流 通济门
渡枫 小巷
渡枫 钟山
渡枫 土路
渡枫 土路
渡枫 长街
渡枫 云来客栈
渡枫 城南官道
朝廷贪官 云来客栈
朝廷贪官 金陵镖局
守寺僧兵 江南小道
朝廷贪官 南大街
朝廷贪官 青石官道
朝廷贪官 土路
朝廷贪官 云来客栈
朝廷贪官 江南小道
朝廷贪官 贡院
朝廷贪官 长街
守寺僧兵 城南官道
朝廷贪官 金陵镖局
狂歌当哭 南大街
狂歌当哭 三山街
守寺僧兵 大中街
狂歌当哭 内桥
狂歌当哭 建康府
守寺僧兵 大中街
守寺僧兵 土路
守寺僧兵 大中街
守寺僧兵 江南小道
守寺僧兵 土路
守寺僧兵 江南小道
守寺僧兵 内桥
守寺僧兵 青石官道
守寺僧兵 承恩寺
守寺僧兵 贡院
小柠檬 建康府
守寺僧兵 南大街
守寺僧兵 云来客栈
守寺僧兵 城南官道
守寺僧兵 城南官道
朝廷贪官 江南小道
守寺僧兵 城南官道
朝廷贪官 小巷
朝廷贪官 大中街
朝廷贪官 城南官道
朝廷贪官 药铺
守寺僧兵 大中街
朝廷贪官 镇淮桥
守寺僧兵 南大街
朝廷贪官 金陵镖局
朝廷贪官 大中街
蒙面人 钟山
朝廷贪官 圣府
朝廷贪官 淮清桥
蒙面人 土路
朝廷贪官 土路
守寺僧兵 圣府
蒙面人 小巷
守寺僧兵 青石官道
守寺僧兵 江南小道
守寺僧兵 小巷
大宝剑 江南小道
曲非烟 圣府
大宝剑 青石官道
守寺僧兵 长街
大宝剑 土路
无杏 承恩寺
守寺僧兵 江南小道
风二中 南大街
守寺僧兵 内桥
无杏 江南小道
风二中 城南官道
曲非烟 承恩寺
守寺僧兵 南浔镇
风二中 云来客栈
渡麻 正阳门
无杏 正阳门
大宝剑 朝阳门
风二中 通济门
无杏 青石官道
大宝剑 城南官道
无杏 城南官道
守寺僧兵 江南小道
洪牛 三山门
无杏 江南小道
守寺僧兵 青石官道
大宝剑 南浔镇
无杏 亲军营
守寺僧兵 通济门
无杏 钟山
大宝剑 淮清桥
无杏 南浔镇
无杏 三山街
守寺僧兵 江南小道
无杏 南浔镇
守寺僧兵 江南小道
洪牛 江南小道
无杏 大中街
无杏 江南小道
大宝剑 土路
无杏 长街
狂歌当哭 大中街
无杏 土路
狂歌当哭 小巷
风二中 内桥
狂歌当哭 江南小道
无杏 通济门
风二中 江南小道
狂歌当哭 江南小道
无杏 钟山
守寺僧兵 城南官道
狂歌当哭 土路
风二中 土路
狂歌当哭 圣府
无杏 长街
风二中 土路
无杏 长街
洪牛 三山街
狂歌当哭 三山街
渡麻 江南小道
风二中 三山街
狂歌当哭 土路
风二中 亲军营
休莱格 小巷
无杏 镇淮桥
风二中 三山街
狂歌当哭 城南官道
蒙面人 江南小道
无杏 建康府
无杏 江南小道
狂歌当哭 承恩寺
无杏 建康府
狂歌当哭 亲军营
狂歌当哭 城南官道
狂歌当哭 土路
狂歌当哭 青石官道
曲非烟 镇淮桥
洪牛 江南小道
洪牛 青石官道
无杏 江南小道
洪牛 南浔镇
无杏 江南小道
曲非烟 城南官道
无杏 云来客栈
曲非烟 土路
无杏 土路
曲非烟 城南官道
洪牛 大中街
洪牛 长街
风二中 朝阳门
风二中 土路
风二中 通济门
风二中 南大街
朝廷贪官 三山门
风二中 江南小道
朝廷贪官 南浔镇
守寺僧兵 土路
朝廷贪官 土路
守寺僧兵 江南小道
朝廷贪官 江南小道
朝廷贪官 江南小道
风二中 亲军营
朝廷贪官 三山门
风二中 朝阳门
休莱格 土路
朝廷贪官 江南小道
风二中 土路
今随风 南浔镇
今随风 金陵镖局
今随风 土路
今随风 土路
休莱格 大中街
大宝剑 大中街
今随风 土路
狂歌当哭 小巷
聪明的小石榴 贡院
休莱格 江南小道
狂歌当哭 长街
休莱格 淮清桥
休莱格 土路
狂歌当哭 小巷
休莱格 淮清桥
休莱格 金陵镖局
休莱格 江南小道
风二中 镇淮桥
休莱格 土路
大宝剑 江南小道
风二中 青石官道
休莱格 城南官道
守寺僧兵 土路
风二中 通济门
休莱格 土路
了了 南大街
蒙面人 承恩寺
休莱格 通济门
大宝剑 小巷
了了 城南官道
休莱格 土路
大宝剑 三山街
商韵 江南小道
蒙面人 钟山
了了 三山街
今随风 贡院
守寺僧兵 贡院
休莱格 江南小道
商韵 圣府
休莱格 聚宝门
风二中 土路
了了 江南小道
守寺僧兵 南大街
休莱格 江南小道
曲非烟 药铺
了了 镇淮桥
大宝剑 淮清桥
商韵 土路
风二中 三山门
休莱格 青石官道
商韵 长街
风二中 城南官道
渡麻 圣府
朝廷贪官 城南官道
朝廷贪官 土路
大笨木瓜 承恩寺
渡麻 正阳门
了了 青石官道
商韵 土路
朝廷贪官 长街
今随风 南浔镇
大宝剑 城南官道
大笨木瓜 聚宝门
渡麻 圣府
风二中 聚宝门
了了 南大街
大宝剑 江南小道
守寺僧兵 江南小道
朝廷贪官 南大街
曲非烟 土路
了了 土路
今随风 长街
大笨木瓜 贡院
无杏 淮清桥
朝廷贪官 土路
曲非烟 南大街
守寺僧兵 圣府
今随风 长街
渡麻 贡院
无杏 城南官道
守寺僧兵 江南小道
朝廷贪官 青石官道
洪牛 建康府
了了 聚宝门
无杏 贡院
渡麻 药铺
今随风 三山门
守寺僧兵 城南官道
洪牛 江南小道
朝廷贪官 淮清桥
了了 小巷
渡麻 江南小道
今随风 青石官道
守寺僧兵 贡院
朝廷贪官 南大街
曲非烟 通济门
今随风 小巷
了了 南大街
守寺僧兵 三山门
曲非烟 镇淮桥
朝廷贪官 土路
今随风 朝阳门
洪牛 南大街
商韵 江南小道
朝廷贪官 土路
今随风 长街
无杏 承恩寺
曲非烟 南浔镇
洪牛 三山街
了了 朝阳门
朝廷贪官 内桥
了了 贡院
洪牛 土路
无杏 土路
朝廷贪官 江南小道
朝廷贪官 镇淮桥
曲非烟 建康府
朝廷贪官 江南小道
风二中 城南官道
曲非烟 土路
朝廷贪官 土路
风二中 承恩寺
曲非烟 淮清桥
朝廷贪官 青石官道
渡麻 药铺
朝廷贪官 江南小道
渡麻 亲军营
洪牛 朝阳门
朝廷贪官 药铺
朝廷贪官 通济门
风二中 土路
曲非烟 三山街
渡麻 药铺
缥缈过客 南大街
洪牛 城南官道
曲非烟 大中街
渡麻 青石官道
洪牛 土路
曲非烟 土路
渡麻 江南小道
曲非烟 南浔镇
洪牛 长街
曲非烟 土路
洪牛 南大街
曲非烟 土路
曲非烟 内桥
曲非烟 土路
渡云 承恩寺
缥缈过客 镇淮桥
曲非烟 土路
渡麻 三山门
渡麻 大中街
曲非烟 通济门
朝廷贪官 云来客栈
朝廷贪官 朝阳门
曲非烟 江南小道
缥缈过客 淮清桥
朝廷贪官 三山门
曲非烟 江南小道
朝廷贪官 朝阳门
朝廷贪官 金陵镖局
渡麻 南大街
朝廷贪官 土路
朝廷贪官 三山街
渡麻 江南小道
朝廷贪官 城南官道
朝廷贪官 通济门
渡麻 城南官道
朝廷贪官 城南官道
渡麻 钟山
朝廷贪官 正阳门
朝廷贪官 淮清桥
朝廷贪官 南浔镇
朝廷贪官 城南官道
朝廷贪官 青石官道
朝廷贪官 土路
朝廷贪官 金陵镖局
朝廷贪官 江南小道
朝廷贪官 土路
朝廷贪官 土路
朝廷贪官 江南小道
朝廷贪官 大中街
朝廷贪官 青石官道
朝廷贪官 小巷
朝廷贪官 城南官道
朝廷贪官 三山门
朝廷贪官 土路
朝廷贪官 土路
朝廷贪官 长街
朝廷贪官 镇淮桥
朝廷贪官 南大街
朝廷贪官 南大街
朝廷贪官 土路
朝廷贪官 青石官道
本痴 聚宝门
本痴 建康府
本痴 南浔镇
本痴 云来客栈
本痴 江南小道
本痴 城南官道
本痴 青石官道
本痴 承恩寺
狂歌当哭 城南官道
本痴 南大街
本痴 三山门
狂歌当哭 长街
本痴 贡院
本痴 镇淮桥
本痴 江南小道
本痴 太平门
朝廷贪官 云来客栈
朝廷贪官 亲军营
朝廷贪官 淮清桥
朝廷贪官 城南官道
朝廷贪官 土路
朝廷贪官 钟山
朝廷贪官 南大街
守寺僧兵 江南小道
守寺僧兵 长街
聪明的小石榴 南大街
聪明的小石榴 土路
风吹 聚宝门
聪明的小石榴 土路
风吹 淮清桥
风吹 青石官道
聪明的小石榴 青石官道
风吹 三山门
风吹 江南小道
聪明的小石榴 土路
风吹 贡院
风吹 青石官道
风吹 城南官道
风吹 通济门
风吹 建康府
风吹 土路
风吹 青石官道
聪明的小石榴 青石官道
黑袍人 贡院
风二中 南大街
蒙面人 江南小道
聪明的小石榴 土路
蒙面人 小巷
蒙面人 药铺
蒙面人 江南小道
蒙面人 亲军营
渡麻 青石官道
曲非烟 内桥
渡麻 江南小道
渡麻 江南小道
风二中 建康府
曲非烟 南浔镇
无杏 小巷
曲非烟 大中街
无杏 土路
渡麻 土路
曲非烟 土路
无杏 城南官道
曲非烟 青石官道
渡麻 土路
曲非烟 大中街
渡麻 建康府
聪明的小石榴 江南小道
无杏 土路
聪明的小石榴 聚宝门
聪明的小石榴 朝阳门
曲非烟 土路
渡麻 土路
聪明的小石榴 三山门
无杏 城南官道
曲非烟 大中街
渡麻 建康府
渡麻 朝阳门
曲非烟 土路
无杏 建康府
洪牛 贡院
曲非烟 云来客栈
曲非烟 土路
无杏 土路
曲非烟 通济门
渡麻 金陵镖局
半痴呆 云来客栈
烟雨风 通济门
曲非烟 小巷
渡麻 长街
无杏 南大街
烟雨风 聚宝门
渡麻 小巷
烟雨风 小巷
朝廷贪官 城南官道
无杏 太平门
朝廷贪官 钟山
渡麻 青石官道
朝廷贪官 长街
洪牛 江南小道
无杏 城南官道
烟雨风 建康府
朝廷贪官 贡院
聪明的小石榴 南大街
无杏 土路
朝廷贪官 长街
无杏 通济门
朝廷贪官 正阳门
朝廷贪官 大中街
朝廷贪官 三山街
烟雨风 南大街
朝廷贪官 江南小道
朝廷贪官 淮清桥
无杏 青石官道
烟雨风 江南小道
朝廷贪官 江南小道
无杏 青石官道
大宝剑 城南官道
无杏 药铺
烟雨风 土路
大宝剑 南浔镇
无杏 小巷
渡麻 青石官道
蒙面人 内桥
大宝剑 南大街
烟雨风 青石官道
曲非烟 青石官道
曲非烟 内桥
曲非烟 三山街
洪牛 承恩寺
曲非烟 贡院
渡麻 土路
曲非烟 大中街
烟雨风 长街
曲非烟 圣府
烟雨风 金陵镖局
蒙面人 贡院
洪牛 青石官道
烟雨风 大中街
洪牛 青石官道
曲非烟 土路
烟雨风 城南官道
蒙面人 南大街
无杏 土路
蒙面人 亲军营
蒙面人 青石官道
无杏 江南小道
大宝剑 三山街
蒙面人 城南官道
大宝剑 药铺
无杏 土路
蒙面人 太平门
蒙面人 江南小道
蒙面人 青石官道
无杏 长街
狂歌当哭 城南官道
无杏 土路
狂歌当哭 亲军营
狂歌当哭 青石官道
无杏 城南官道
大宝剑 城南官道
大宝剑 土路
无杏 三山街
大宝剑 南浔镇
大宝剑 云来客栈
无杏 青石官道
大宝剑 城南官道
大宝剑 小巷
聪明的小石榴 城南官道
聪明的小石榴 城南官道
聪明的小石榴 太平门
聪明的小石榴 长街
聪明的小石榴 土路
石青璇 南大街
白马轻裘 青石官道
石青璇 长街
石青璇 小巷
守寺僧兵 小巷
无杏 朝阳门
无杏 南大街
守寺僧兵 城南官道
无杏 土路
石青璇 南大街
